Analysis & Synthesis report for lab2_qsim_qsim
Thu Oct 17 10:35:57 2024
Quartus II 64-Bit Version 13.0.1 Build 232 06/12/2013 Service Pack 1 SJ Web Edition


---------------------
; Table of Contents ;
---------------------
  1. Legal Notice
  2. Analysis & Synthesis Summary
  3. Analysis & Synthesis Settings
  4. Parallel Compilation
  5. Analysis & Synthesis Source Files Read
  6. Analysis & Synthesis Resource Usage Summary
  7. Analysis & Synthesis Resource Utilization by Entity
  8. Registers Removed During Synthesis
  9. Removed Registers Triggering Further Register Optimizations
 10. General Register Statistics
 11. Port Connectivity Checks: "multiplier4bit:inst|Multiplier:inst2|threeBitComparator:inst|oneBitComparator:comp2"
 12. Port Connectivity Checks: "multiplier4bit:inst|Multiplier:inst2|register4bit:fourBitM|enARdFF_2:ff3"
 13. Port Connectivity Checks: "multiplier4bit:inst|Multiplier:inst2|register4bit:fourBitM|enARdFF_2:ff2"
 14. Port Connectivity Checks: "multiplier4bit:inst|Multiplier:inst2|register4bit:fourBitM|enARdFF_2:ff1"
 15. Port Connectivity Checks: "multiplier4bit:inst|Multiplier:inst2|register4bit:fourBitM|enARdFF_2:ff0"
 16. Elapsed Time Per Partition
 17. Analysis & Synthesis Messages



----------------
; Legal Notice ;
----------------
Copyright (C) 1991-2013 Altera Corporation
Your use of Altera Corporation's design tools, logic functions 
and other software and tools, and its AMPP partner logic 
functions, and any output files from any of the foregoing 
(including device programming or simulation files), and any 
associated documentation or information are expressly subject 
to the terms and conditions of the Altera Program License 
Subscription Agreement, Altera MegaCore Function License 
Agreement, or other applicable license agreement, including, 
without limitation, that your use is for the sole purpose of 
programming logic devices manufactured by Altera and sold by 
Altera or its authorized distributors.  Please refer to the 
applicable agreement for further details.



+--------------------------------------------------------------------------------------+
; Analysis & Synthesis Summary                                                         ;
+------------------------------------+-------------------------------------------------+
; Analysis & Synthesis Status        ; Successful - Thu Oct 17 10:35:57 2024           ;
; Quartus II 64-Bit Version          ; 13.0.1 Build 232 06/12/2013 SP 1 SJ Web Edition ;
; Revision Name                      ; lab2_qsim_qsim                                  ;
; Top-level Entity Name              ; testblock                                       ;
; Family                             ; Cyclone IV E                                    ;
; Total logic elements               ; 0                                               ;
;     Total combinational functions  ; 0                                               ;
;     Dedicated logic registers      ; 0                                               ;
; Total registers                    ; 0                                               ;
; Total pins                         ; 19                                              ;
; Total virtual pins                 ; 0                                               ;
; Total memory bits                  ; 0                                               ;
; Embedded Multiplier 9-bit elements ; 0                                               ;
; Total PLLs                         ; 0                                               ;
+------------------------------------+-------------------------------------------------+


+----------------------------------------------------------------------------------------------------------------------+
; Analysis & Synthesis Settings                                                                                        ;
+----------------------------------------------------------------------------+--------------------+--------------------+
; Option                                                                     ; Setting            ; Default Value      ;
+----------------------------------------------------------------------------+--------------------+--------------------+
; Device                                                                     ; EP4CE115F29C7      ;                    ;
; Top-level entity name                                                      ; testblock          ; lab2_qsim_qsim     ;
; Family name                                                                ; Cyclone IV E       ; Cyclone IV GX      ;
; Use smart compilation                                                      ; Off                ; Off                ;
; Enable parallel Assembler and TimeQuest Timing Analyzer during compilation ; On                 ; On                 ;
; Enable compact report table                                                ; Off                ; Off                ;
; Restructure Multiplexers                                                   ; Auto               ; Auto               ;
; Create Debugging Nodes for IP Cores                                        ; Off                ; Off                ;
; Preserve fewer node names                                                  ; On                 ; On                 ;
; Disable OpenCore Plus hardware evaluation                                  ; Off                ; Off                ;
; Verilog Version                                                            ; Verilog_2001       ; Verilog_2001       ;
; VHDL Version                                                               ; VHDL_1993          ; VHDL_1993          ;
; State Machine Processing                                                   ; Auto               ; Auto               ;
; Safe State Machine                                                         ; Off                ; Off                ;
; Extract Verilog State Machines                                             ; On                 ; On                 ;
; Extract VHDL State Machines                                                ; On                 ; On                 ;
; Ignore Verilog initial constructs                                          ; Off                ; Off                ;
; Iteration limit for constant Verilog loops                                 ; 5000               ; 5000               ;
; Iteration limit for non-constant Verilog loops                             ; 250                ; 250                ;
; Add Pass-Through Logic to Inferred RAMs                                    ; On                 ; On                 ;
; Infer RAMs from Raw Logic                                                  ; On                 ; On                 ;
; Parallel Synthesis                                                         ; On                 ; On                 ;
; DSP Block Balancing                                                        ; Auto               ; Auto               ;
; NOT Gate Push-Back                                                         ; On                 ; On                 ;
; Power-Up Don't Care                                                        ; On                 ; On                 ;
; Remove Redundant Logic Cells                                               ; Off                ; Off                ;
; Remove Duplicate Registers                                                 ; On                 ; On                 ;
; Ignore CARRY Buffers                                                       ; Off                ; Off                ;
; Ignore CASCADE Buffers                                                     ; Off                ; Off                ;
; Ignore GLOBAL Buffers                                                      ; Off                ; Off                ;
; Ignore ROW GLOBAL Buffers                                                  ; Off                ; Off                ;
; Ignore LCELL Buffers                                                       ; Off                ; Off                ;
; Ignore SOFT Buffers                                                        ; On                 ; On                 ;
; Limit AHDL Integers to 32 Bits                                             ; Off                ; Off                ;
; Optimization Technique                                                     ; Balanced           ; Balanced           ;
; Carry Chain Length                                                         ; 70                 ; 70                 ;
; Auto Carry Chains                                                          ; On                 ; On                 ;
; Auto Open-Drain Pins                                                       ; On                 ; On                 ;
; Perform WYSIWYG Primitive Resynthesis                                      ; Off                ; Off                ;
; Auto ROM Replacement                                                       ; On                 ; On                 ;
; Auto RAM Replacement                                                       ; On                 ; On                 ;
; Auto DSP Block Replacement                                                 ; On                 ; On                 ;
; Auto Shift Register Replacement                                            ; Auto               ; Auto               ;
; Allow Shift Register Merging across Hierarchies                            ; Auto               ; Auto               ;
; Auto Clock Enable Replacement                                              ; On                 ; On                 ;
; Strict RAM Replacement                                                     ; Off                ; Off                ;
; Allow Synchronous Control Signals                                          ; On                 ; On                 ;
; Force Use of Synchronous Clear Signals                                     ; Off                ; Off                ;
; Auto RAM Block Balancing                                                   ; On                 ; On                 ;
; Auto RAM to Logic Cell Conversion                                          ; Off                ; Off                ;
; Auto Resource Sharing                                                      ; Off                ; Off                ;
; Allow Any RAM Size For Recognition                                         ; Off                ; Off                ;
; Allow Any ROM Size For Recognition                                         ; Off                ; Off                ;
; Allow Any Shift Register Size For Recognition                              ; Off                ; Off                ;
; Use LogicLock Constraints during Resource Balancing                        ; On                 ; On                 ;
; Ignore translate_off and synthesis_off directives                          ; Off                ; Off                ;
; Timing-Driven Synthesis                                                    ; On                 ; On                 ;
; Report Parameter Settings                                                  ; On                 ; On                 ;
; Report Source Assignments                                                  ; On                 ; On                 ;
; Report Connectivity Checks                                                 ; On                 ; On                 ;
; Ignore Maximum Fan-Out Assignments                                         ; Off                ; Off                ;
; Synchronization Register Chain Length                                      ; 2                  ; 2                  ;
; PowerPlay Power Optimization                                               ; Normal compilation ; Normal compilation ;
; HDL message level                                                          ; Level2             ; Level2             ;
; Suppress Register Optimization Related Messages                            ; Off                ; Off                ;
; Number of Removed Registers Reported in Synthesis Report                   ; 5000               ; 5000               ;
; Number of Swept Nodes Reported in Synthesis Report                         ; 5000               ; 5000               ;
; Number of Inverted Registers Reported in Synthesis Report                  ; 100                ; 100                ;
; Clock MUX Protection                                                       ; On                 ; On                 ;
; Auto Gated Clock Conversion                                                ; Off                ; Off                ;
; Block Design Naming                                                        ; Auto               ; Auto               ;
; SDC constraint protection                                                  ; Off                ; Off                ;
; Synthesis Effort                                                           ; Auto               ; Auto               ;
; Shift Register Replacement - Allow Asynchronous Clear Signal               ; On                 ; On                 ;
; Pre-Mapping Resynthesis Optimization                                       ; Off                ; Off                ;
; Analysis & Synthesis Message Level                                         ; Medium             ; Medium             ;
; Disable Register Merging Across Hierarchies                                ; Auto               ; Auto               ;
; Resource Aware Inference For Block RAM                                     ; On                 ; On                 ;
; Synthesis Seed                                                             ; 1                  ; 1                  ;
+----------------------------------------------------------------------------+--------------------+--------------------+


+------------------------------------------+
; Parallel Compilation                     ;
+----------------------------+-------------+
; Processors                 ; Number      ;
+----------------------------+-------------+
; Number detected on machine ; 16          ;
; Maximum allowed            ; 16          ;
;                            ;             ;
; Average used               ; 1.00        ;
; Maximum used               ; 1           ;
;                            ;             ;
; Usage by Processor         ; % Time Used ;
;     Processor 1            ; 100.0%      ;
;     Processors 2-16        ;   0.0%      ;
+----------------------------+-------------+


+---------------------------------------------------------------------------------------------------------------------------------------------------------+
; Analysis & Synthesis Source Files Read                                                                                                                  ;
+-----------------------------------+-----------------+------------------------------------+----------------------------------------------------+---------+
; File Name with User-Entered Path  ; Used in Netlist ; File Type                          ; File Name with Absolute Path                       ; Library ;
+-----------------------------------+-----------------+------------------------------------+----------------------------------------------------+---------+
; Multiplier/threebitcomparator.vhd ; yes             ; User VHDL File                     ; H:/CEG3155/Lab 2/Multiplier/threebitcomparator.vhd ;         ;
; Multiplier/shiftReg8bit.vhd       ; yes             ; User VHDL File                     ; H:/CEG3155/Lab 2/Multiplier/shiftReg8bit.vhd       ;         ;
; Multiplier/register4bit.vhd       ; yes             ; User VHDL File                     ; H:/CEG3155/Lab 2/Multiplier/register4bit.vhd       ;         ;
; Multiplier/onebitcomparator.vhd   ; yes             ; User VHDL File                     ; H:/CEG3155/Lab 2/Multiplier/onebitcomparator.vhd   ;         ;
; Multiplier/multiplier4bit.bdf     ; yes             ; User Block Diagram/Schematic File  ; H:/CEG3155/Lab 2/Multiplier/multiplier4bit.bdf     ;         ;
; Multiplier/Multiplier.bdf         ; yes             ; User Block Diagram/Schematic File  ; H:/CEG3155/Lab 2/Multiplier/Multiplier.bdf         ;         ;
; Multiplier/enardFF_2.vhd          ; yes             ; User VHDL File                     ; H:/CEG3155/Lab 2/Multiplier/enardFF_2.vhd          ;         ;
; Multiplier/countDown4.vhd         ; yes             ; User VHDL File                     ; H:/CEG3155/Lab 2/Multiplier/countDown4.vhd         ;         ;
; Multiplier/controllogic.bdf       ; yes             ; User Block Diagram/Schematic File  ; H:/CEG3155/Lab 2/Multiplier/controllogic.bdf       ;         ;
; Multiplier/2MUX_8bit.bdf          ; yes             ; User Block Diagram/Schematic File  ; H:/CEG3155/Lab 2/Multiplier/2MUX_8bit.bdf          ;         ;
; Multiplier/2MUX.vhd               ; yes             ; User VHDL File                     ; H:/CEG3155/Lab 2/Multiplier/2MUX.vhd               ;         ;
; addSub4bit.vhd                    ; yes             ; User VHDL File                     ; H:/CEG3155/Lab 2/addSub4bit.vhd                    ;         ;
; oneBitAdder.vhd                   ; yes             ; User VHDL File                     ; H:/CEG3155/Lab 2/oneBitAdder.vhd                   ;         ;
; testblock.bdf                     ; yes             ; User Block Diagram/Schematic File  ; H:/CEG3155/Lab 2/testblock.bdf                     ;         ;
+-----------------------------------+-----------------+------------------------------------+----------------------------------------------------+---------+


+----------------------------------------------------------------+
; Analysis & Synthesis Resource Usage Summary                    ;
+---------------------------------------------+------------------+
; Resource                                    ; Usage            ;
+---------------------------------------------+------------------+
;                                             ;                  ;
; Total combinational functions               ; 0                ;
; Logic element usage by number of LUT inputs ;                  ;
;     -- 4 input functions                    ; 0                ;
;     -- 3 input functions                    ; 0                ;
;     -- <=2 input functions                  ; 0                ;
;                                             ;                  ;
; Logic elements by mode                      ;                  ;
;     -- normal mode                          ; 0                ;
;     -- arithmetic mode                      ; 0                ;
;                                             ;                  ;
; Total registers                             ; 0                ;
;     -- Dedicated logic registers            ; 0                ;
;     -- I/O registers                        ; 0                ;
;                                             ;                  ;
; I/O pins                                    ; 19               ;
; Embedded Multiplier 9-bit elements          ; 0                ;
; Maximum fan-out node                        ; pin_name1~output ;
; Maximum fan-out                             ; 1                ;
; Total fan-out                               ; 19               ;
; Average fan-out                             ; 0.50             ;
+---------------------------------------------+------------------+


+-----------------------------------------------------------------------------------------------------------------------------------------------------------------------------+
; Analysis & Synthesis Resource Utilization by Entity                                                                                                                         ;
+----------------------------+-------------------+--------------+-------------+--------------+---------+-----------+------+--------------+---------------------+--------------+
; Compilation Hierarchy Node ; LC Combinationals ; LC Registers ; Memory Bits ; DSP Elements ; DSP 9x9 ; DSP 18x18 ; Pins ; Virtual Pins ; Full Hierarchy Name ; Library Name ;
+----------------------------+-------------------+--------------+-------------+--------------+---------+-----------+------+--------------+---------------------+--------------+
; |testblock                 ; 0 (0)             ; 0 (0)        ; 0           ; 0            ; 0       ; 0         ; 19   ; 0            ; |testblock          ; work         ;
+----------------------------+-------------------+--------------+-------------+--------------+---------+-----------+------+--------------+---------------------+--------------+
Note: For table entries with two numbers listed, the numbers in parentheses indicate the number of resources of the given type used by the specific entity alone. The numbers listed outside of parentheses indicate the total resources of the given type used by the specific entity and all of its sub-entities in the hierarchy.


+-------------------------------------------------------------------------------------------------------------------------+
; Registers Removed During Synthesis                                                                                      ;
+--------------------------------------------------------------------------------+----------------------------------------+
; Register name                                                                  ; Reason for Removal                     ;
+--------------------------------------------------------------------------------+----------------------------------------+
; multiplier4bit:inst|controllogic:inst3|enARdFF_2:ffs2|int_q                    ; Stuck at GND due to stuck port clear   ;
; multiplier4bit:inst|controllogic:inst3|enARdFF_2:ffs3|int_q                    ; Stuck at GND due to stuck port clear   ;
; multiplier4bit:inst|controllogic:inst3|enARdFF_2:ffs1|int_q                    ; Stuck at GND due to stuck port clear   ;
; multiplier4bit:inst|Multiplier:inst2|enARdFF_2:registerZ|int_q                 ; Lost fanout                            ;
; multiplier4bit:inst|Multiplier:inst2|MUX2_1bit:inst11|t2                       ; Lost fanout                            ;
; multiplier4bit:inst|Multiplier:inst2|MUX2_1bit:inst11|t1                       ; Lost fanout                            ;
; multiplier4bit:inst|controllogic:inst3|enARdFF_2:ffs0|int_q                    ; Stuck at GND due to stuck port clear   ;
; multiplier4bit:inst|Multiplier:inst2|countDown4:counter|count[0]               ; Stuck at GND due to stuck port clear   ;
; multiplier4bit:inst|Multiplier:inst2|countDown4:counter|count[2]               ; Stuck at VCC due to stuck port preset  ;
; multiplier4bit:inst|Multiplier:inst2|countDown4:counter|count[1]               ; Stuck at GND due to stuck port clear   ;
; multiplier4bit:inst|Multiplier:inst2|register4bit:fourBitM|enARdFF_2:ff3|int_q ; Stuck at GND due to stuck port clear   ;
; multiplier4bit:inst|Multiplier:inst2|register4bit:fourBitM|enARdFF_2:ff2|int_q ; Stuck at GND due to stuck port clear   ;
; multiplier4bit:inst|Multiplier:inst2|register4bit:fourBitM|enARdFF_2:ff1|int_q ; Stuck at GND due to stuck port clear   ;
; multiplier4bit:inst|Multiplier:inst2|register4bit:fourBitM|enARdFF_2:ff0|int_q ; Stuck at GND due to stuck port clear   ;
; multiplier4bit:inst|Multiplier:inst2|2MUX_8bit:inst5|MUX2_1bit:inst3|t1        ; Stuck at GND due to stuck port data_in ;
; multiplier4bit:inst|Multiplier:inst2|2MUX_8bit:inst5|MUX2_1bit:inst2|t1        ; Stuck at GND due to stuck port data_in ;
; multiplier4bit:inst|Multiplier:inst2|2MUX_8bit:inst5|MUX2_1bit:inst1|t1        ; Stuck at GND due to stuck port data_in ;
; multiplier4bit:inst|Multiplier:inst2|2MUX_8bit:inst5|MUX2_1bit:inst0|t1        ; Stuck at GND due to stuck port data_in ;
; multiplier4bit:inst|Multiplier:inst2|shiftReg8bit:inst2|dataValueNext[7]       ; Stuck at GND due to stuck port clear   ;
; multiplier4bit:inst|Multiplier:inst2|2MUX_8bit:inst5|MUX2_1bit:inst3|t2        ; Lost fanout                            ;
; multiplier4bit:inst|Multiplier:inst2|shiftReg8bit:inst2|dataValueNext[6]       ; Stuck at GND due to stuck port clear   ;
; multiplier4bit:inst|Multiplier:inst2|2MUX_8bit:inst5|MUX2_1bit:inst2|t2        ; Lost fanout                            ;
; multiplier4bit:inst|Multiplier:inst2|shiftReg8bit:inst2|dataValueNext[5]       ; Stuck at GND due to stuck port clear   ;
; multiplier4bit:inst|Multiplier:inst2|2MUX_8bit:inst5|MUX2_1bit:inst1|t2        ; Lost fanout                            ;
; multiplier4bit:inst|Multiplier:inst2|shiftReg8bit:inst2|dataValueNext[4]       ; Stuck at GND due to stuck port clear   ;
; multiplier4bit:inst|Multiplier:inst2|2MUX_8bit:inst5|MUX2_1bit:inst0|t2        ; Lost fanout                            ;
; multiplier4bit:inst|Multiplier:inst2|shiftReg8bit:inst2|dataValueNext[0..3]    ; Stuck at GND due to stuck port clear   ;
; Total Number of Removed Registers = 30                                         ;                                        ;
+--------------------------------------------------------------------------------+----------------------------------------+


+-------------------------------------------------------------------------------------------------------------------------------------------------------------------------+
; Removed Registers Triggering Further Register Optimizations                                                                                                             ;
+-------------------------------------------------------------+-------------------------+---------------------------------------------------------------------------------+
; Register name                                               ; Reason for Removal      ; Registers Removed due to This Register                                          ;
+-------------------------------------------------------------+-------------------------+---------------------------------------------------------------------------------+
; multiplier4bit:inst|controllogic:inst3|enARdFF_2:ffs2|int_q ; Stuck at GND            ; multiplier4bit:inst|Multiplier:inst2|enARdFF_2:registerZ|int_q,                 ;
;                                                             ; due to stuck port clear ; multiplier4bit:inst|Multiplier:inst2|MUX2_1bit:inst11|t2,                       ;
;                                                             ;                         ; multiplier4bit:inst|Multiplier:inst2|MUX2_1bit:inst11|t1,                       ;
;                                                             ;                         ; multiplier4bit:inst|Multiplier:inst2|2MUX_8bit:inst5|MUX2_1bit:inst3|t1,        ;
;                                                             ;                         ; multiplier4bit:inst|Multiplier:inst2|2MUX_8bit:inst5|MUX2_1bit:inst2|t1,        ;
;                                                             ;                         ; multiplier4bit:inst|Multiplier:inst2|2MUX_8bit:inst5|MUX2_1bit:inst1|t1,        ;
;                                                             ;                         ; multiplier4bit:inst|Multiplier:inst2|2MUX_8bit:inst5|MUX2_1bit:inst0|t1,        ;
;                                                             ;                         ; multiplier4bit:inst|Multiplier:inst2|shiftReg8bit:inst2|dataValueNext[3],       ;
;                                                             ;                         ; multiplier4bit:inst|Multiplier:inst2|shiftReg8bit:inst2|dataValueNext[2],       ;
;                                                             ;                         ; multiplier4bit:inst|Multiplier:inst2|shiftReg8bit:inst2|dataValueNext[1]        ;
; multiplier4bit:inst|controllogic:inst3|enARdFF_2:ffs3|int_q ; Stuck at GND            ; multiplier4bit:inst|Multiplier:inst2|countDown4:counter|count[2],               ;
;                                                             ; due to stuck port clear ; multiplier4bit:inst|Multiplier:inst2|countDown4:counter|count[1],               ;
;                                                             ;                         ; multiplier4bit:inst|Multiplier:inst2|shiftReg8bit:inst2|dataValueNext[7],       ;
;                                                             ;                         ; multiplier4bit:inst|Multiplier:inst2|2MUX_8bit:inst5|MUX2_1bit:inst3|t2,        ;
;                                                             ;                         ; multiplier4bit:inst|Multiplier:inst2|shiftReg8bit:inst2|dataValueNext[6],       ;
;                                                             ;                         ; multiplier4bit:inst|Multiplier:inst2|2MUX_8bit:inst5|MUX2_1bit:inst2|t2,        ;
;                                                             ;                         ; multiplier4bit:inst|Multiplier:inst2|shiftReg8bit:inst2|dataValueNext[5],       ;
;                                                             ;                         ; multiplier4bit:inst|Multiplier:inst2|2MUX_8bit:inst5|MUX2_1bit:inst1|t2,        ;
;                                                             ;                         ; multiplier4bit:inst|Multiplier:inst2|shiftReg8bit:inst2|dataValueNext[4],       ;
;                                                             ;                         ; multiplier4bit:inst|Multiplier:inst2|2MUX_8bit:inst5|MUX2_1bit:inst0|t2         ;
; multiplier4bit:inst|controllogic:inst3|enARdFF_2:ffs0|int_q ; Stuck at GND            ; multiplier4bit:inst|Multiplier:inst2|countDown4:counter|count[0],               ;
;                                                             ; due to stuck port clear ; multiplier4bit:inst|Multiplier:inst2|register4bit:fourBitM|enARdFF_2:ff3|int_q, ;
;                                                             ;                         ; multiplier4bit:inst|Multiplier:inst2|register4bit:fourBitM|enARdFF_2:ff2|int_q, ;
;                                                             ;                         ; multiplier4bit:inst|Multiplier:inst2|register4bit:fourBitM|enARdFF_2:ff1|int_q, ;
;                                                             ;                         ; multiplier4bit:inst|Multiplier:inst2|register4bit:fourBitM|enARdFF_2:ff0|int_q  ;
+-------------------------------------------------------------+-------------------------+---------------------------------------------------------------------------------+


+------------------------------------------------------+
; General Register Statistics                          ;
+----------------------------------------------+-------+
; Statistic                                    ; Value ;
+----------------------------------------------+-------+
; Total registers                              ; 0     ;
; Number of registers using Synchronous Clear  ; 0     ;
; Number of registers using Synchronous Load   ; 0     ;
; Number of registers using Asynchronous Clear ; 0     ;
; Number of registers using Asynchronous Load  ; 0     ;
; Number of registers using Clock Enable       ; 0     ;
; Number of registers using Preset             ; 0     ;
+----------------------------------------------+-------+


+-----------------------------------------------------------------------------------------------------------------+
; Port Connectivity Checks: "multiplier4bit:inst|Multiplier:inst2|threeBitComparator:inst|oneBitComparator:comp2" ;
+--------------+-------+----------+-------------------------------------------------------------------------------+
; Port         ; Type  ; Severity ; Details                                                                       ;
+--------------+-------+----------+-------------------------------------------------------------------------------+
; i_gtprevious ; Input ; Info     ; Stuck at GND                                                                  ;
; i_ltprevious ; Input ; Info     ; Stuck at GND                                                                  ;
+--------------+-------+----------+-------------------------------------------------------------------------------+


+------------------------------------------------------------------------------------------------------------------+
; Port Connectivity Checks: "multiplier4bit:inst|Multiplier:inst2|register4bit:fourBitM|enARdFF_2:ff3"             ;
+--------+--------+----------+-------------------------------------------------------------------------------------+
; Port   ; Type   ; Severity ; Details                                                                             ;
+--------+--------+----------+-------------------------------------------------------------------------------------+
; o_qbar ; Output ; Info     ; Connected to dangling logic. Logic that only feeds a dangling port will be removed. ;
+--------+--------+----------+-------------------------------------------------------------------------------------+


+------------------------------------------------------------------------------------------------------------------+
; Port Connectivity Checks: "multiplier4bit:inst|Multiplier:inst2|register4bit:fourBitM|enARdFF_2:ff2"             ;
+--------+--------+----------+-------------------------------------------------------------------------------------+
; Port   ; Type   ; Severity ; Details                                                                             ;
+--------+--------+----------+-------------------------------------------------------------------------------------+
; o_qbar ; Output ; Info     ; Connected to dangling logic. Logic that only feeds a dangling port will be removed. ;
+--------+--------+----------+-------------------------------------------------------------------------------------+


+------------------------------------------------------------------------------------------------------------------+
; Port Connectivity Checks: "multiplier4bit:inst|Multiplier:inst2|register4bit:fourBitM|enARdFF_2:ff1"             ;
+--------+--------+----------+-------------------------------------------------------------------------------------+
; Port   ; Type   ; Severity ; Details                                                                             ;
+--------+--------+----------+-------------------------------------------------------------------------------------+
; o_qbar ; Output ; Info     ; Connected to dangling logic. Logic that only feeds a dangling port will be removed. ;
+--------+--------+----------+-------------------------------------------------------------------------------------+


+------------------------------------------------------------------------------------------------------------------+
; Port Connectivity Checks: "multiplier4bit:inst|Multiplier:inst2|register4bit:fourBitM|enARdFF_2:ff0"             ;
+--------+--------+----------+-------------------------------------------------------------------------------------+
; Port   ; Type   ; Severity ; Details                                                                             ;
+--------+--------+----------+-------------------------------------------------------------------------------------+
; o_qbar ; Output ; Info     ; Connected to dangling logic. Logic that only feeds a dangling port will be removed. ;
+--------+--------+----------+-------------------------------------------------------------------------------------+


+-------------------------------+
; Elapsed Time Per Partition    ;
+----------------+--------------+
; Partition Name ; Elapsed Time ;
+----------------+--------------+
; Top            ; 00:00:00     ;
+----------------+--------------+


+-------------------------------+
; Analysis & Synthesis Messages ;
+-------------------------------+
Info: *******************************************************************
Info: Running Quartus II 64-Bit Analysis & Synthesis
    Info: Version 13.0.1 Build 232 06/12/2013 Service Pack 1 SJ Web Edition
    Info: Processing started: Thu Oct 17 10:35:53 2024
Info: Command: quartus_map --read_settings_files=on --write_settings_files=off lab2 -c lab2_qsim_qsim
Info (20030): Parallel compilation is enabled and will use 16 of the 16 processors detected
Info (12021): Found 2 design units, including 1 entities, in source file mux4to1.vhd
    Info (12022): Found design unit 1: mux4to1-behaviour
    Info (12023): Found entity 1: mux4to1
Info (12021): Found 2 design units, including 1 entities, in source file multiplier/xor2bit.vhd
    Info (12022): Found design unit 1: xor2bit-basic
    Info (12023): Found entity 1: xor2bit
Info (12021): Found 2 design units, including 1 entities, in source file multiplier/threebitcomparator.vhd
    Info (12022): Found design unit 1: threeBitComparator-rtl
    Info (12023): Found entity 1: threeBitComparator
Info (12021): Found 3 design units, including 1 entities, in source file multiplier/shiftreg8bit.vhd
    Info (12022): Found design unit 1: shiftReg8bit-structural
    Info (12022): Found design unit 2: shiftReg8bit-dataflow
    Info (12023): Found entity 1: shiftReg8bit
Info (12021): Found 2 design units, including 1 entities, in source file multiplier/register4bit.vhd
    Info (12022): Found design unit 1: register4bit-structural
    Info (12023): Found entity 1: register4bit
Info (12021): Found 2 design units, including 1 entities, in source file multiplier/or2bit.vhd
    Info (12022): Found design unit 1: or2bit-basic
    Info (12023): Found entity 1: or2bit
Info (12021): Found 2 design units, including 1 entities, in source file multiplier/onebitcomparator.vhd
    Info (12022): Found design unit 1: oneBitComparator-rtl
    Info (12023): Found entity 1: oneBitComparator
Info (12021): Found 1 design units, including 1 entities, in source file multiplier/multiplier4bit.bdf
    Info (12023): Found entity 1: multiplier4bit
Info (12021): Found 1 design units, including 1 entities, in source file multiplier/multiplier.bdf
    Info (12023): Found entity 1: Multiplier
Info (12021): Found 2 design units, including 1 entities, in source file multiplier/fulladder.vhd
    Info (12022): Found design unit 1: fullAdder-rtl
    Info (12023): Found entity 1: fullAdder
Info (12021): Found 2 design units, including 1 entities, in source file multiplier/enardff_2.vhd
    Info (12022): Found design unit 1: enARdFF_2-rtl
    Info (12023): Found entity 1: enARdFF_2
Info (12021): Found 2 design units, including 1 entities, in source file multiplier/countdown4.vhd
    Info (12022): Found design unit 1: countDown4-rtl
    Info (12023): Found entity 1: countDown4
Info (12021): Found 1 design units, including 1 entities, in source file multiplier/controllogic.bdf
    Info (12023): Found entity 1: controllogic
Info (12021): Found 2 design units, including 1 entities, in source file multiplier/and2bit.vhd
    Info (12022): Found design unit 1: and2bit-basic
    Info (12023): Found entity 1: and2bit
Info (12021): Found 1 design units, including 1 entities, in source file multiplier/2mux_8bit.bdf
    Info (12023): Found entity 1: 2MUX_8bit
Info (12021): Found 3 design units, including 1 entities, in source file multiplier/2mux.vhd
    Info (12022): Found design unit 1: MUX2_1bit-structural
    Info (12022): Found design unit 2: MUX2_1bit-dataflow
    Info (12023): Found entity 1: MUX2_1bit
Info (12021): Found 2 design units, including 1 entities, in source file addsub4bit.vhd
    Info (12022): Found design unit 1: addSub4bit-rtl
    Info (12023): Found entity 1: addSub4bit
Info (12021): Found 2 design units, including 1 entities, in source file onebitadder.vhd
    Info (12022): Found design unit 1: oneBitAdder-rtl
    Info (12023): Found entity 1: oneBitAdder
Info (12021): Found 1 design units, including 1 entities, in source file lab2.bdf
    Info (12023): Found entity 1: lab2
Warning (12019): Can't analyze file -- file multiplier4bit.vhd is missing
Info (12021): Found 1 design units, including 1 entities, in source file testblock.bdf
    Info (12023): Found entity 1: testblock
Info (12127): Elaborating entity "testblock" for the top level hierarchy
Info (12128): Elaborating entity "multiplier4bit" for hierarchy "multiplier4bit:inst"
Info (12128): Elaborating entity "Multiplier" for hierarchy "multiplier4bit:inst|Multiplier:inst2"
Info (12128): Elaborating entity "enARdFF_2" for hierarchy "multiplier4bit:inst|Multiplier:inst2|enARdFF_2:registerZ"
Info (12128): Elaborating entity "MUX2_1bit" for hierarchy "multiplier4bit:inst|Multiplier:inst2|MUX2_1bit:inst11"
Warning (10492): VHDL Process Statement warning at 2MUX.vhd(40): signal "s" is read inside the Process Statement but isn't in the Process Statement's sensitivity list
Warning (10492): VHDL Process Statement warning at 2MUX.vhd(45): signal "t1" is read inside the Process Statement but isn't in the Process Statement's sensitivity list
Warning (10492): VHDL Process Statement warning at 2MUX.vhd(45): signal "t2" is read inside the Process Statement but isn't in the Process Statement's sensitivity list
Info (12128): Elaborating entity "shiftReg8bit" for hierarchy "multiplier4bit:inst|Multiplier:inst2|shiftReg8bit:inst2"
Warning (10540): VHDL Signal Declaration warning at shiftReg8bit.vhd(100): used explicit default value for signal "iniVal1" because signal was never assigned a value
Warning (10492): VHDL Process Statement warning at shiftReg8bit.vhd(107): signal "iniVal1" is read inside the Process Statement but isn't in the Process Statement's sensitivity list
Warning (10492): VHDL Process Statement warning at shiftReg8bit.vhd(122): signal "dataValueNext" is read inside the Process Statement but isn't in the Process Statement's sensitivity list
Warning (10492): VHDL Process Statement warning at shiftReg8bit.vhd(123): signal "dataValueCurr" is read inside the Process Statement but isn't in the Process Statement's sensitivity list
Info (12128): Elaborating entity "2MUX_8bit" for hierarchy "multiplier4bit:inst|Multiplier:inst2|2MUX_8bit:inst5"
Info (12128): Elaborating entity "addSub4bit" for hierarchy "multiplier4bit:inst|Multiplier:inst2|addSub4bit:adderSubtractor"
Warning (10036): Verilog HDL or VHDL warning at addSub4bit.vhd(15): object "gnd" assigned a value but never read
Info (12128): Elaborating entity "oneBitAdder" for hierarchy "multiplier4bit:inst|Multiplier:inst2|addSub4bit:adderSubtractor|oneBitAdder:\loop1:3:add"
Info (12128): Elaborating entity "register4bit" for hierarchy "multiplier4bit:inst|Multiplier:inst2|register4bit:fourBitM"
Warning (10036): Verilog HDL or VHDL warning at register4bit.vhd(12): object "int_notValue" assigned a value but never read
Info (12128): Elaborating entity "threeBitComparator" for hierarchy "multiplier4bit:inst|Multiplier:inst2|threeBitComparator:inst"
Info (12128): Elaborating entity "oneBitComparator" for hierarchy "multiplier4bit:inst|Multiplier:inst2|threeBitComparator:inst|oneBitComparator:comp2"
Info (12128): Elaborating entity "countDown4" for hierarchy "multiplier4bit:inst|Multiplier:inst2|countDown4:counter"
Warning (10492): VHDL Process Statement warning at countDown4.vhd(24): signal "count" is read inside the Process Statement but isn't in the Process Statement's sensitivity list
Info (12128): Elaborating entity "controllogic" for hierarchy "multiplier4bit:inst|controllogic:inst3"
Warning (13024): Output pins are stuck at VCC or GND
    Warning (13410): Pin "pin_name1" is stuck at VCC
    Warning (13410): Pin "RESULT[7]" is stuck at GND
    Warning (13410): Pin "RESULT[6]" is stuck at GND
    Warning (13410): Pin "RESULT[5]" is stuck at GND
    Warning (13410): Pin "RESULT[4]" is stuck at GND
    Warning (13410): Pin "RESULT[3]" is stuck at GND
    Warning (13410): Pin "RESULT[2]" is stuck at GND
    Warning (13410): Pin "RESULT[1]" is stuck at GND
    Warning (13410): Pin "RESULT[0]" is stuck at GND
Info (17049): 7 registers lost all their fanouts during netlist optimizations.
Info (16010): Generating hard_block partition "hard_block:auto_generated_inst"
    Info (16011): Adding 0 node(s), including 0 DDIO, 0 PLL, 0 transceiver and 0 LCELL
Warning (21074): Design contains 10 input pin(s) that do not drive logic
    Warning (15610): No output dependent on input pin "CTRL"
    Warning (15610): No output dependent on input pin "clock"
    Warning (15610): No output dependent on input pin "A[3]"
    Warning (15610): No output dependent on input pin "A[2]"
    Warning (15610): No output dependent on input pin "A[1]"
    Warning (15610): No output dependent on input pin "A[0]"
    Warning (15610): No output dependent on input pin "B[3]"
    Warning (15610): No output dependent on input pin "B[2]"
    Warning (15610): No output dependent on input pin "B[1]"
    Warning (15610): No output dependent on input pin "B[0]"
Info (21057): Implemented 19 device resources after synthesis - the final resource count might be different
    Info (21058): Implemented 10 input pins
    Info (21059): Implemented 9 output pins
Info: Quartus II 64-Bit Analysis & Synthesis was successful. 0 errors, 32 warnings
    Info: Peak virtual memory: 4651 megabytes
    Info: Processing ended: Thu Oct 17 10:35:57 2024
    Info: Elapsed time: 00:00:04
    Info: Total CPU time (on all processors): 00:00:01


