Analysis & Synthesis report for lab3
Mon Oct 28 13:36:43 2024
Quartus II 64-Bit Version 13.0.1 Build 232 06/12/2013 Service Pack 1 SJ Web Edition


---------------------
; Table of Contents ;
---------------------
  1. Legal Notice
  2. Analysis & Synthesis Summary
  3. Analysis & Synthesis Settings
  4. Parallel Compilation
  5. Analysis & Synthesis Source Files Read
  6. Analysis & Synthesis Resource Usage Summary
  7. Analysis & Synthesis Resource Utilization by Entity
  8. General Register Statistics
  9. Port Connectivity Checks: "debouncer_2:cleanSSCS|enARdFF_2:second"
 10. Port Connectivity Checks: "debouncer_2:cleanSSCS|enARdFF_2:first"
 11. Port Connectivity Checks: "counterJK4bit:inst1|jkFF_2:jk3"
 12. Port Connectivity Checks: "counterJK4bit:inst1|jkFF_2:jk2"
 13. Port Connectivity Checks: "counterJK4bit:inst1|jkFF_2:jk1"
 14. Port Connectivity Checks: "counterJK4bit:inst1|jkFF_2:jk0"
 15. Elapsed Time Per Partition
 16. Analysis & Synthesis Messages



----------------
; Legal Notice ;
----------------
Copyright (C) 1991-2013 Altera Corporation
Your use of Altera Corporation's design tools, logic functions 
and other software and tools, and its AMPP partner logic 
functions, and any output files from any of the foregoing 
(including device programming or simulation files), and any 
associated documentation or information are expressly subject 
to the terms and conditions of the Altera Program License 
Subscription Agreement, Altera MegaCore Function License 
Agreement, or other applicable license agreement, including, 
without limitation, that your use is for the sole purpose of 
programming logic devices manufactured by Altera and sold by 
Altera or its authorized distributors.  Please refer to the 
applicable agreement for further details.



+--------------------------------------------------------------------------------------+
; Analysis & Synthesis Summary                                                         ;
+------------------------------------+-------------------------------------------------+
; Analysis & Synthesis Status        ; Successful - Mon Oct 28 13:36:43 2024           ;
; Quartus II 64-Bit Version          ; 13.0.1 Build 232 06/12/2013 SP 1 SJ Web Edition ;
; Revision Name                      ; lab3                                            ;
; Top-level Entity Name              ; trafficLightController                          ;
; Family                             ; Cyclone IV E                                    ;
; Total logic elements               ; 52                                              ;
;     Total combinational functions  ; 51                                              ;
;     Dedicated logic registers      ; 19                                              ;
; Total registers                    ; 19                                              ;
; Total pins                         ; 31                                              ;
; Total virtual pins                 ; 0                                               ;
; Total memory bits                  ; 0                                               ;
; Embedded Multiplier 9-bit elements ; 0                                               ;
; Total PLLs                         ; 0                                               ;
+------------------------------------+-------------------------------------------------+


+--------------------------------------------------------------------------------------------------------------------------+
; Analysis & Synthesis Settings                                                                                            ;
+----------------------------------------------------------------------------+------------------------+--------------------+
; Option                                                                     ; Setting                ; Default Value      ;
+----------------------------------------------------------------------------+------------------------+--------------------+
; Device                                                                     ; EP4CE115F29C7          ;                    ;
; Top-level entity name                                                      ; trafficLightController ; lab3               ;
; Family name                                                                ; Cyclone IV E           ; Cyclone IV GX      ;
; Use smart compilation                                                      ; Off                    ; Off                ;
; Enable parallel Assembler and TimeQuest Timing Analyzer during compilation ; On                     ; On                 ;
; Enable compact report table                                                ; Off                    ; Off                ;
; Restructure Multiplexers                                                   ; Auto                   ; Auto               ;
; Create Debugging Nodes for IP Cores                                        ; Off                    ; Off                ;
; Preserve fewer node names                                                  ; On                     ; On                 ;
; Disable OpenCore Plus hardware evaluation                                  ; Off                    ; Off                ;
; Verilog Version                                                            ; Verilog_2001           ; Verilog_2001       ;
; VHDL Version                                                               ; VHDL_1993              ; VHDL_1993          ;
; State Machine Processing                                                   ; Auto                   ; Auto               ;
; Safe State Machine                                                         ; Off                    ; Off                ;
; Extract Verilog State Machines                                             ; On                     ; On                 ;
; Extract VHDL State Machines                                                ; On                     ; On                 ;
; Ignore Verilog initial constructs                                          ; Off                    ; Off                ;
; Iteration limit for constant Verilog loops                                 ; 5000                   ; 5000               ;
; Iteration limit for non-constant Verilog loops                             ; 250                    ; 250                ;
; Add Pass-Through Logic to Inferred RAMs                                    ; On                     ; On                 ;
; Infer RAMs from Raw Logic                                                  ; On                     ; On                 ;
; Parallel Synthesis                                                         ; On                     ; On                 ;
; DSP Block Balancing                                                        ; Auto                   ; Auto               ;
; NOT Gate Push-Back                                                         ; On                     ; On                 ;
; Power-Up Don't Care                                                        ; On                     ; On                 ;
; Remove Redundant Logic Cells                                               ; Off                    ; Off                ;
; Remove Duplicate Registers                                                 ; On                     ; On                 ;
; Ignore CARRY Buffers                                                       ; Off                    ; Off                ;
; Ignore CASCADE Buffers                                                     ; Off                    ; Off                ;
; Ignore GLOBAL Buffers                                                      ; Off                    ; Off                ;
; Ignore ROW GLOBAL Buffers                                                  ; Off                    ; Off                ;
; Ignore LCELL Buffers                                                       ; Off                    ; Off                ;
; Ignore SOFT Buffers                                                        ; On                     ; On                 ;
; Limit AHDL Integers to 32 Bits                                             ; Off                    ; Off                ;
; Optimization Technique                                                     ; Balanced               ; Balanced           ;
; Carry Chain Length                                                         ; 70                     ; 70                 ;
; Auto Carry Chains                                                          ; On                     ; On                 ;
; Auto Open-Drain Pins                                                       ; On                     ; On                 ;
; Perform WYSIWYG Primitive Resynthesis                                      ; Off                    ; Off                ;
; Auto ROM Replacement                                                       ; On                     ; On                 ;
; Auto RAM Replacement                                                       ; On                     ; On                 ;
; Auto DSP Block Replacement                                                 ; On                     ; On                 ;
; Auto Shift Register Replacement                                            ; Auto                   ; Auto               ;
; Allow Shift Register Merging across Hierarchies                            ; Auto                   ; Auto               ;
; Auto Clock Enable Replacement                                              ; On                     ; On                 ;
; Strict RAM Replacement                                                     ; Off                    ; Off                ;
; Allow Synchronous Control Signals                                          ; On                     ; On                 ;
; Force Use of Synchronous Clear Signals                                     ; Off                    ; Off                ;
; Auto RAM Block Balancing                                                   ; On                     ; On                 ;
; Auto RAM to Logic Cell Conversion                                          ; Off                    ; Off                ;
; Auto Resource Sharing                                                      ; Off                    ; Off                ;
; Allow Any RAM Size For Recognition                                         ; Off                    ; Off                ;
; Allow Any ROM Size For Recognition                                         ; Off                    ; Off                ;
; Allow Any Shift Register Size For Recognition                              ; Off                    ; Off                ;
; Use LogicLock Constraints during Resource Balancing                        ; On                     ; On                 ;
; Ignore translate_off and synthesis_off directives                          ; Off                    ; Off                ;
; Timing-Driven Synthesis                                                    ; On                     ; On                 ;
; Report Parameter Settings                                                  ; On                     ; On                 ;
; Report Source Assignments                                                  ; On                     ; On                 ;
; Report Connectivity Checks                                                 ; On                     ; On                 ;
; Ignore Maximum Fan-Out Assignments                                         ; Off                    ; Off                ;
; Synchronization Register Chain Length                                      ; 2                      ; 2                  ;
; PowerPlay Power Optimization                                               ; Normal compilation     ; Normal compilation ;
; HDL message level                                                          ; Level2                 ; Level2             ;
; Suppress Register Optimization Related Messages                            ; Off                    ; Off                ;
; Number of Removed Registers Reported in Synthesis Report                   ; 5000                   ; 5000               ;
; Number of Swept Nodes Reported in Synthesis Report                         ; 5000                   ; 5000               ;
; Number of Inverted Registers Reported in Synthesis Report                  ; 100                    ; 100                ;
; Clock MUX Protection                                                       ; On                     ; On                 ;
; Auto Gated Clock Conversion                                                ; Off                    ; Off                ;
; Block Design Naming                                                        ; Auto                   ; Auto               ;
; SDC constraint protection                                                  ; Off                    ; Off                ;
; Synthesis Effort                                                           ; Auto                   ; Auto               ;
; Shift Register Replacement - Allow Asynchronous Clear Signal               ; On                     ; On                 ;
; Pre-Mapping Resynthesis Optimization                                       ; Off                    ; Off                ;
; Analysis & Synthesis Message Level                                         ; Medium                 ; Medium             ;
; Disable Register Merging Across Hierarchies                                ; Auto                   ; Auto               ;
; Resource Aware Inference For Block RAM                                     ; On                     ; On                 ;
; Synthesis Seed                                                             ; 1                      ; 1                  ;
+----------------------------------------------------------------------------+------------------------+--------------------+


+------------------------------------------+
; Parallel Compilation                     ;
+----------------------------+-------------+
; Processors                 ; Number      ;
+----------------------------+-------------+
; Number detected on machine ; 16          ;
; Maximum allowed            ; 16          ;
;                            ;             ;
; Average used               ; 1.00        ;
; Maximum used               ; 1           ;
;                            ;             ;
; Usage by Processor         ; % Time Used ;
;     Processor 1            ; 100.0%      ;
;     Processors 2-16        ;   0.0%      ;
+----------------------------+-------------+


+------------------------------------------------------------------------------------------------------------------------------------------------+
; Analysis & Synthesis Source Files Read                                                                                                         ;
+----------------------------------+-----------------+------------------------------------+--------------------------------------------+---------+
; File Name with User-Entered Path ; Used in Netlist ; File Type                          ; File Name with Absolute Path               ; Library ;
+----------------------------------+-----------------+------------------------------------+--------------------------------------------+---------+
; trafficLightController.bdf       ; yes             ; User Block Diagram/Schematic File  ; G:/Desktop/Lab3/trafficLightController.bdf ;         ;
; dFF_2.vhd                        ; yes             ; User VHDL File                     ; G:/Desktop/Lab3/dFF_2.vhd                  ;         ;
; jkFF_2.vhd                       ; yes             ; User VHDL File                     ; G:/Desktop/Lab3/jkFF_2.vhd                 ;         ;
; enardFF_2.vhd                    ; yes             ; User VHDL File                     ; G:/Desktop/Lab3/enardFF_2.vhd              ;         ;
; debouncer_2.vhd                  ; yes             ; User VHDL File                     ; G:/Desktop/Lab3/debouncer_2.vhd            ;         ;
; clk_div.vhd                      ; yes             ; User VHDL File                     ; G:/Desktop/Lab3/clk_div.vhd                ;         ;
; fsmController.vhd                ; yes             ; User VHDL File                     ; G:/Desktop/Lab3/fsmController.vhd          ;         ;
; dec_7seg.vhd                     ; yes             ; User VHDL File                     ; G:/Desktop/Lab3/dec_7seg.vhd               ;         ;
; comparator4bit.vhd               ; yes             ; User VHDL File                     ; G:/Desktop/Lab3/comparator4bit.vhd         ;         ;
; counterJK4bit.vhd                ; yes             ; User VHDL File                     ; G:/Desktop/Lab3/counterJK4bit.vhd          ;         ;
+----------------------------------+-----------------+------------------------------------+--------------------------------------------+---------+


+----------------------------------------------------------------------------------------+
; Analysis & Synthesis Resource Usage Summary                                            ;
+---------------------------------------------+------------------------------------------+
; Resource                                    ; Usage                                    ;
+---------------------------------------------+------------------------------------------+
; Estimated Total logic elements              ; 52                                       ;
;                                             ;                                          ;
; Total combinational functions               ; 51                                       ;
; Logic element usage by number of LUT inputs ;                                          ;
;     -- 4 input functions                    ; 26                                       ;
;     -- 3 input functions                    ; 14                                       ;
;     -- <=2 input functions                  ; 11                                       ;
;                                             ;                                          ;
; Logic elements by mode                      ;                                          ;
;     -- normal mode                          ; 47                                       ;
;     -- arithmetic mode                      ; 4                                        ;
;                                             ;                                          ;
; Total registers                             ; 19                                       ;
;     -- Dedicated logic registers            ; 19                                       ;
;     -- I/O registers                        ; 0                                        ;
;                                             ;                                          ;
; I/O pins                                    ; 31                                       ;
; Embedded Multiplier 9-bit elements          ; 0                                        ;
; Maximum fan-out node                        ; fsmController:inst9|enARdFF_2:ffy1|int_q ;
; Maximum fan-out                             ; 18                                       ;
; Total fan-out                               ; 265                                      ;
; Average fan-out                             ; 2.01                                     ;
+---------------------------------------------+------------------------------------------+


+--------------------------------------------------------------------------------------------------------------------------------------------------------------------------------------------------------------------------------+
; Analysis & Synthesis Resource Utilization by Entity                                                                                                                                                                            ;
+----------------------------+-------------------+--------------+-------------+--------------+---------+-----------+------+--------------+------------------------------------------------------------------------+--------------+
; Compilation Hierarchy Node ; LC Combinationals ; LC Registers ; Memory Bits ; DSP Elements ; DSP 9x9 ; DSP 18x18 ; Pins ; Virtual Pins ; Full Hierarchy Name                                                    ; Library Name ;
+----------------------------+-------------------+--------------+-------------+--------------+---------+-----------+------+--------------+------------------------------------------------------------------------+--------------+
; |trafficLightController    ; 51 (2)            ; 19 (0)       ; 0           ; 0            ; 0       ; 0         ; 31   ; 0            ; |trafficLightController                                                ; work         ;
;    |clk_div:clockunit|     ; 7 (7)             ; 7 (7)        ; 0           ; 0            ; 0       ; 0         ; 0    ; 0            ; |trafficLightController|clk_div:clockunit                              ; work         ;
;    |comparator4bit:inst4|  ; 2 (2)             ; 0 (0)        ; 0           ; 0            ; 0       ; 0         ; 0    ; 0            ; |trafficLightController|comparator4bit:inst4                           ; work         ;
;    |comparator4bit:inst5|  ; 2 (2)             ; 0 (0)        ; 0           ; 0            ; 0       ; 0         ; 0    ; 0            ; |trafficLightController|comparator4bit:inst5                           ; work         ;
;    |counterJK4bit:inst1|   ; 5 (0)             ; 4 (0)        ; 0           ; 0            ; 0       ; 0         ; 0    ; 0            ; |trafficLightController|counterJK4bit:inst1                            ; work         ;
;       |jkFF_2:jk0|         ; 1 (0)             ; 1 (0)        ; 0           ; 0            ; 0       ; 0         ; 0    ; 0            ; |trafficLightController|counterJK4bit:inst1|jkFF_2:jk0                 ; work         ;
;          |dFF_2:dFlipFlop| ; 1 (1)             ; 1 (1)        ; 0           ; 0            ; 0       ; 0         ; 0    ; 0            ; |trafficLightController|counterJK4bit:inst1|jkFF_2:jk0|dFF_2:dFlipFlop ; work         ;
;       |jkFF_2:jk1|         ; 1 (0)             ; 1 (0)        ; 0           ; 0            ; 0       ; 0         ; 0    ; 0            ; |trafficLightController|counterJK4bit:inst1|jkFF_2:jk1                 ; work         ;
;          |dFF_2:dFlipFlop| ; 1 (1)             ; 1 (1)        ; 0           ; 0            ; 0       ; 0         ; 0    ; 0            ; |trafficLightController|counterJK4bit:inst1|jkFF_2:jk1|dFF_2:dFlipFlop ; work         ;
;       |jkFF_2:jk2|         ; 2 (0)             ; 1 (0)        ; 0           ; 0            ; 0       ; 0         ; 0    ; 0            ; |trafficLightController|counterJK4bit:inst1|jkFF_2:jk2                 ; work         ;
;          |dFF_2:dFlipFlop| ; 2 (2)             ; 1 (1)        ; 0           ; 0            ; 0       ; 0         ; 0    ; 0            ; |trafficLightController|counterJK4bit:inst1|jkFF_2:jk2|dFF_2:dFlipFlop ; work         ;
;       |jkFF_2:jk3|         ; 1 (0)             ; 1 (0)        ; 0           ; 0            ; 0       ; 0         ; 0    ; 0            ; |trafficLightController|counterJK4bit:inst1|jkFF_2:jk3                 ; work         ;
;          |dFF_2:dFlipFlop| ; 1 (1)             ; 1 (1)        ; 0           ; 0            ; 0       ; 0         ; 0    ; 0            ; |trafficLightController|counterJK4bit:inst1|jkFF_2:jk3|dFF_2:dFlipFlop ; work         ;
;    |counterJK4bit:inst|    ; 7 (1)             ; 4 (0)        ; 0           ; 0            ; 0       ; 0         ; 0    ; 0            ; |trafficLightController|counterJK4bit:inst                             ; work         ;
;       |jkFF_2:jk0|         ; 1 (0)             ; 1 (0)        ; 0           ; 0            ; 0       ; 0         ; 0    ; 0            ; |trafficLightController|counterJK4bit:inst|jkFF_2:jk0                  ; work         ;
;          |dFF_2:dFlipFlop| ; 1 (1)             ; 1 (1)        ; 0           ; 0            ; 0       ; 0         ; 0    ; 0            ; |trafficLightController|counterJK4bit:inst|jkFF_2:jk0|dFF_2:dFlipFlop  ; work         ;
;       |jkFF_2:jk1|         ; 1 (0)             ; 1 (0)        ; 0           ; 0            ; 0       ; 0         ; 0    ; 0            ; |trafficLightController|counterJK4bit:inst|jkFF_2:jk1                  ; work         ;
;          |dFF_2:dFlipFlop| ; 1 (1)             ; 1 (1)        ; 0           ; 0            ; 0       ; 0         ; 0    ; 0            ; |trafficLightController|counterJK4bit:inst|jkFF_2:jk1|dFF_2:dFlipFlop  ; work         ;
;       |jkFF_2:jk2|         ; 1 (0)             ; 1 (0)        ; 0           ; 0            ; 0       ; 0         ; 0    ; 0            ; |trafficLightController|counterJK4bit:inst|jkFF_2:jk2                  ; work         ;
;          |dFF_2:dFlipFlop| ; 1 (1)             ; 1 (1)        ; 0           ; 0            ; 0       ; 0         ; 0    ; 0            ; |trafficLightController|counterJK4bit:inst|jkFF_2:jk2|dFF_2:dFlipFlop  ; work         ;
;       |jkFF_2:jk3|         ; 3 (2)             ; 1 (0)        ; 0           ; 0            ; 0       ; 0         ; 0    ; 0            ; |trafficLightController|counterJK4bit:inst|jkFF_2:jk3                  ; work         ;
;          |dFF_2:dFlipFlop| ; 1 (1)             ; 1 (1)        ; 0           ; 0            ; 0       ; 0         ; 0    ; 0            ; |trafficLightController|counterJK4bit:inst|jkFF_2:jk3|dFF_2:dFlipFlop  ; work         ;
;    |debouncer_2:cleanSSCS| ; 2 (2)             ; 2 (0)        ; 0           ; 0            ; 0       ; 0         ; 0    ; 0            ; |trafficLightController|debouncer_2:cleanSSCS                          ; work         ;
;       |enARdFF_2:first|    ; 0 (0)             ; 1 (1)        ; 0           ; 0            ; 0       ; 0         ; 0    ; 0            ; |trafficLightController|debouncer_2:cleanSSCS|enARdFF_2:first          ; work         ;
;       |enARdFF_2:second|   ; 0 (0)             ; 1 (1)        ; 0           ; 0            ; 0       ; 0         ; 0    ; 0            ; |trafficLightController|debouncer_2:cleanSSCS|enARdFF_2:second         ; work         ;
;    |dec_7seg:MSCoutput|    ; 7 (7)             ; 0 (0)        ; 0           ; 0            ; 0       ; 0         ; 0    ; 0            ; |trafficLightController|dec_7seg:MSCoutput                             ; work         ;
;    |dec_7seg:SSCoutput|    ; 7 (7)             ; 0 (0)        ; 0           ; 0            ; 0       ; 0         ; 0    ; 0            ; |trafficLightController|dec_7seg:SSCoutput                             ; work         ;
;    |fsmController:inst9|   ; 10 (7)            ; 2 (0)        ; 0           ; 0            ; 0       ; 0         ; 0    ; 0            ; |trafficLightController|fsmController:inst9                            ; work         ;
;       |enARdFF_2:ffy0|     ; 2 (2)             ; 1 (1)        ; 0           ; 0            ; 0       ; 0         ; 0    ; 0            ; |trafficLightController|fsmController:inst9|enARdFF_2:ffy0             ; work         ;
;       |enARdFF_2:ffy1|     ; 1 (1)             ; 1 (1)        ; 0           ; 0            ; 0       ; 0         ; 0    ; 0            ; |trafficLightController|fsmController:inst9|enARdFF_2:ffy1             ; work         ;
+----------------------------+-------------------+--------------+-------------+--------------+---------+-----------+------+--------------+------------------------------------------------------------------------+--------------+
Note: For table entries with two numbers listed, the numbers in parentheses indicate the number of resources of the given type used by the specific entity alone. The numbers listed outside of parentheses indicate the total resources of the given type used by the specific entity and all of its sub-entities in the hierarchy.


+------------------------------------------------------+
; General Register Statistics                          ;
+----------------------------------------------+-------+
; Statistic                                    ; Value ;
+----------------------------------------------+-------+
; Total registers                              ; 19    ;
; Number of registers using Synchronous Clear  ; 5     ;
; Number of registers using Synchronous Load   ; 0     ;
; Number of registers using Asynchronous Clear ; 4     ;
; Number of registers using Asynchronous Load  ; 0     ;
; Number of registers using Clock Enable       ; 0     ;
; Number of registers using Preset             ; 0     ;
+----------------------------------------------+-------+


+--------------------------------------------------------------------+
; Port Connectivity Checks: "debouncer_2:cleanSSCS|enARdFF_2:second" ;
+----------+-------+----------+--------------------------------------+
; Port     ; Type  ; Severity ; Details                              ;
+----------+-------+----------+--------------------------------------+
; i_enable ; Input ; Info     ; Stuck at VCC                         ;
+----------+-------+----------+--------------------------------------+


+--------------------------------------------------------------------------------------------------------------------+
; Port Connectivity Checks: "debouncer_2:cleanSSCS|enARdFF_2:first"                                                  ;
+----------+--------+----------+-------------------------------------------------------------------------------------+
; Port     ; Type   ; Severity ; Details                                                                             ;
+----------+--------+----------+-------------------------------------------------------------------------------------+
; i_enable ; Input  ; Info     ; Stuck at VCC                                                                        ;
; o_q      ; Output ; Info     ; Connected to dangling logic. Logic that only feeds a dangling port will be removed. ;
+----------+--------+----------+-------------------------------------------------------------------------------------+


+------------------------------------------------------------------------------------------------------------------+
; Port Connectivity Checks: "counterJK4bit:inst1|jkFF_2:jk3"                                                       ;
+--------+--------+----------+-------------------------------------------------------------------------------------+
; Port   ; Type   ; Severity ; Details                                                                             ;
+--------+--------+----------+-------------------------------------------------------------------------------------+
; o_qbar ; Output ; Info     ; Connected to dangling logic. Logic that only feeds a dangling port will be removed. ;
+--------+--------+----------+-------------------------------------------------------------------------------------+


+------------------------------------------------------------------------------------------------------------------+
; Port Connectivity Checks: "counterJK4bit:inst1|jkFF_2:jk2"                                                       ;
+--------+--------+----------+-------------------------------------------------------------------------------------+
; Port   ; Type   ; Severity ; Details                                                                             ;
+--------+--------+----------+-------------------------------------------------------------------------------------+
; o_qbar ; Output ; Info     ; Connected to dangling logic. Logic that only feeds a dangling port will be removed. ;
+--------+--------+----------+-------------------------------------------------------------------------------------+


+------------------------------------------------------------------------------------------------------------------+
; Port Connectivity Checks: "counterJK4bit:inst1|jkFF_2:jk1"                                                       ;
+--------+--------+----------+-------------------------------------------------------------------------------------+
; Port   ; Type   ; Severity ; Details                                                                             ;
+--------+--------+----------+-------------------------------------------------------------------------------------+
; o_qbar ; Output ; Info     ; Connected to dangling logic. Logic that only feeds a dangling port will be removed. ;
+--------+--------+----------+-------------------------------------------------------------------------------------+


+------------------------------------------------------------------------------------------------------------------+
; Port Connectivity Checks: "counterJK4bit:inst1|jkFF_2:jk0"                                                       ;
+--------+--------+----------+-------------------------------------------------------------------------------------+
; Port   ; Type   ; Severity ; Details                                                                             ;
+--------+--------+----------+-------------------------------------------------------------------------------------+
; o_qbar ; Output ; Info     ; Connected to dangling logic. Logic that only feeds a dangling port will be removed. ;
+--------+--------+----------+-------------------------------------------------------------------------------------+


+-------------------------------+
; Elapsed Time Per Partition    ;
+----------------+--------------+
; Partition Name ; Elapsed Time ;
+----------------+--------------+
; Top            ; 00:00:00     ;
+----------------+--------------+


+-------------------------------+
; Analysis & Synthesis Messages ;
+-------------------------------+
Info: *******************************************************************
Info: Running Quartus II 64-Bit Analysis & Synthesis
    Info: Version 13.0.1 Build 232 06/12/2013 Service Pack 1 SJ Web Edition
    Info: Processing started: Mon Oct 28 13:36:41 2024
Info: Command: quartus_map --read_settings_files=on --write_settings_files=off lab3 -c lab3
Info (20030): Parallel compilation is enabled and will use 16 of the 16 processors detected
Info (12021): Found 1 design units, including 1 entities, in source file lab3 other.bdf
    Info (12023): Found entity 1: lab3 other
Info (12021): Found 1 design units, including 1 entities, in source file lab3 backup.bdf
    Info (12023): Found entity 1: lab3 backup
Info (12021): Found 1 design units, including 1 entities, in source file trafficlightcontroller.bdf
    Info (12023): Found entity 1: trafficLightController
Info (12021): Found 2 design units, including 1 entities, in source file dff_2.vhd
    Info (12022): Found design unit 1: dFF_2-rtl
    Info (12023): Found entity 1: dFF_2
Info (12021): Found 2 design units, including 1 entities, in source file jkff_2.vhd
    Info (12022): Found design unit 1: jkFF_2-rtl
    Info (12023): Found entity 1: jkFF_2
Info (12021): Found 2 design units, including 1 entities, in source file espl4counter.vhd
    Info (12022): Found design unit 1: ESPL4counter-rtl
    Info (12023): Found entity 1: ESPL4counter
Info (12021): Found 2 design units, including 1 entities, in source file enardff_2.vhd
    Info (12022): Found design unit 1: enARdFF_2-rtl
    Info (12023): Found entity 1: enARdFF_2
Info (12021): Found 2 design units, including 1 entities, in source file debouncer_2.vhd
    Info (12022): Found design unit 1: debouncer_2-rtl
    Info (12023): Found entity 1: debouncer_2
Info (12021): Found 2 design units, including 1 entities, in source file debouncer.vhd
    Info (12022): Found design unit 1: debouncer-fsm
    Info (12023): Found entity 1: debouncer
Info (12021): Found 2 design units, including 1 entities, in source file clk_div.vhd
    Info (12022): Found design unit 1: clk_div-a
    Info (12023): Found entity 1: clk_div
Info (12021): Found 2 design units, including 1 entities, in source file fsmcontroller.vhd
    Info (12022): Found design unit 1: fsmController-rtl
    Info (12023): Found entity 1: fsmController
Info (12021): Found 2 design units, including 1 entities, in source file dec_7seg.vhd
    Info (12022): Found design unit 1: dec_7seg-rtl
    Info (12023): Found entity 1: dec_7seg
Info (12021): Found 2 design units, including 1 entities, in source file comparator4bit.vhd
    Info (12022): Found design unit 1: comparator4bit-bhv
    Info (12023): Found entity 1: comparator4bit
Info (12021): Found 2 design units, including 1 entities, in source file counterjk4bit.vhd
    Info (12022): Found design unit 1: counterJK4bit-rtl
    Info (12023): Found entity 1: counterJK4bit
Warning (12019): Can't analyze file -- file lab3.bdf is missing
Info (12127): Elaborating entity "trafficLightController" for the top level hierarchy
Info (12128): Elaborating entity "dec_7seg" for hierarchy "dec_7seg:MSCoutput"
Info (12128): Elaborating entity "counterJK4bit" for hierarchy "counterJK4bit:inst1"
Info (12128): Elaborating entity "jkFF_2" for hierarchy "counterJK4bit:inst1|jkFF_2:jk0"
Info (12128): Elaborating entity "dFF_2" for hierarchy "counterJK4bit:inst1|jkFF_2:jk0|dFF_2:dFlipFlop"
Info (12128): Elaborating entity "fsmController" for hierarchy "fsmController:inst9"
Info (12128): Elaborating entity "enARdFF_2" for hierarchy "fsmController:inst9|enARdFF_2:ffy0"
Info (12128): Elaborating entity "debouncer_2" for hierarchy "debouncer_2:cleanSSCS"
Warning (10036): Verilog HDL or VHDL warning at debouncer_2.vhd(38): object "int_q1Output" assigned a value but never read
Info (12128): Elaborating entity "clk_div" for hierarchy "clk_div:clockunit"
Info (12128): Elaborating entity "comparator4bit" for hierarchy "comparator4bit:inst5"
Info (286030): Timing-Driven Synthesis is running
Info (16010): Generating hard_block partition "hard_block:auto_generated_inst"
    Info (16011): Adding 0 node(s), including 0 DDIO, 0 PLL, 0 transceiver and 0 LCELL
Info (21057): Implemented 83 device resources after synthesis - the final resource count might be different
    Info (21058): Implemented 11 input pins
    Info (21059): Implemented 20 output pins
    Info (21061): Implemented 52 logic cells
Info: Quartus II 64-Bit Analysis & Synthesis was successful. 0 errors, 2 warnings
    Info: Peak virtual memory: 4652 megabytes
    Info: Processing ended: Mon Oct 28 13:36:43 2024
    Info: Elapsed time: 00:00:02
    Info: Total CPU time (on all processors): 00:00:01


