Analysis & Synthesis report for lab1_qsim
Wed Sep 18 19:22:30 2024
Quartus II 64-Bit Version 13.0.1 Build 232 06/12/2013 Service Pack 1 SJ Web Edition


---------------------
; Table of Contents ;
---------------------
  1. Legal Notice
  2. Analysis & Synthesis Summary
  3. Analysis & Synthesis Settings
  4. Parallel Compilation
  5. Analysis & Synthesis Source Files Read
  6. Analysis & Synthesis Resource Usage Summary
  7. Analysis & Synthesis Resource Utilization by Entity
  8. Registers Removed During Synthesis
  9. Removed Registers Triggering Further Register Optimizations
 10. General Register Statistics
 11. Port Connectivity Checks: "lshregister8bit:inst|DFF_Enable:b0"
 12. Port Connectivity Checks: "lshregister8bit:inst|DFF_Enable:b1"
 13. Port Connectivity Checks: "lshregister8bit:inst|DFF_Enable:b2"
 14. Port Connectivity Checks: "lshregister8bit:inst|DFF_Enable:b3"
 15. Port Connectivity Checks: "lshregister8bit:inst|DFF_Enable:b4"
 16. Port Connectivity Checks: "lshregister8bit:inst|DFF_Enable:b5"
 17. Port Connectivity Checks: "lshregister8bit:inst|DFF_Enable:b6"
 18. Port Connectivity Checks: "lshregister8bit:inst|DFF_Enable:b7"
 19. Port Connectivity Checks: "rshregister8bit:inst5|DFF_Enable:b0"
 20. Port Connectivity Checks: "rshregister8bit:inst5|DFF_Enable:b1"
 21. Port Connectivity Checks: "rshregister8bit:inst5|DFF_Enable:b2"
 22. Port Connectivity Checks: "rshregister8bit:inst5|DFF_Enable:b3"
 23. Port Connectivity Checks: "rshregister8bit:inst5|DFF_Enable:b4"
 24. Port Connectivity Checks: "rshregister8bit:inst5|DFF_Enable:b5"
 25. Port Connectivity Checks: "rshregister8bit:inst5|DFF_Enable:b6"
 26. Port Connectivity Checks: "rshregister8bit:inst5|DFF_Enable:b7"
 27. Port Connectivity Checks: "register8bit:inst2|DFF_Enable:b0"
 28. Port Connectivity Checks: "register8bit:inst2|DFF_Enable:b1"
 29. Port Connectivity Checks: "register8bit:inst2|DFF_Enable:b2"
 30. Port Connectivity Checks: "register8bit:inst2|DFF_Enable:b3"
 31. Port Connectivity Checks: "register8bit:inst2|DFF_Enable:b4"
 32. Port Connectivity Checks: "register8bit:inst2|DFF_Enable:b5"
 33. Port Connectivity Checks: "register8bit:inst2|DFF_Enable:b6"
 34. Port Connectivity Checks: "register8bit:inst2|DFF_Enable:b7"
 35. Elapsed Time Per Partition
 36. Analysis & Synthesis Messages



----------------
; Legal Notice ;
----------------
Copyright (C) 1991-2013 Altera Corporation
Your use of Altera Corporation's design tools, logic functions 
and other software and tools, and its AMPP partner logic 
functions, and any output files from any of the foregoing 
(including device programming or simulation files), and any 
associated documentation or information are expressly subject 
to the terms and conditions of the Altera Program License 
Subscription Agreement, Altera MegaCore Function License 
Agreement, or other applicable license agreement, including, 
without limitation, that your use is for the sole purpose of 
programming logic devices manufactured by Altera and sold by 
Altera or its authorized distributors.  Please refer to the 
applicable agreement for further details.



+--------------------------------------------------------------------------------------+
; Analysis & Synthesis Summary                                                         ;
+------------------------------------+-------------------------------------------------+
; Analysis & Synthesis Status        ; Successful - Wed Sep 18 19:22:30 2024           ;
; Quartus II 64-Bit Version          ; 13.0.1 Build 232 06/12/2013 SP 1 SJ Web Edition ;
; Revision Name                      ; lab1_qsim                                       ;
; Top-level Entity Name              ; lab1                                            ;
; Family                             ; Cyclone III                                     ;
; Total logic elements               ; 17                                              ;
;     Total combinational functions  ; 9                                               ;
;     Dedicated logic registers      ; 16                                              ;
; Total registers                    ; 16                                              ;
; Total pins                         ; 37                                              ;
; Total virtual pins                 ; 0                                               ;
; Total memory bits                  ; 0                                               ;
; Embedded Multiplier 9-bit elements ; 0                                               ;
; Total PLLs                         ; 0                                               ;
+------------------------------------+-------------------------------------------------+


+----------------------------------------------------------------------------------------------------------------------+
; Analysis & Synthesis Settings                                                                                        ;
+----------------------------------------------------------------------------+--------------------+--------------------+
; Option                                                                     ; Setting            ; Default Value      ;
+----------------------------------------------------------------------------+--------------------+--------------------+
; Top-level entity name                                                      ; lab1               ; lab1_qsim          ;
; Family name                                                                ; Cyclone III        ; Cyclone IV GX      ;
; Use smart compilation                                                      ; Off                ; Off                ;
; Enable parallel Assembler and TimeQuest Timing Analyzer during compilation ; On                 ; On                 ;
; Enable compact report table                                                ; Off                ; Off                ;
; Restructure Multiplexers                                                   ; Auto               ; Auto               ;
; Create Debugging Nodes for IP Cores                                        ; Off                ; Off                ;
; Preserve fewer node names                                                  ; On                 ; On                 ;
; Disable OpenCore Plus hardware evaluation                                  ; Off                ; Off                ;
; Verilog Version                                                            ; Verilog_2001       ; Verilog_2001       ;
; VHDL Version                                                               ; VHDL_1993          ; VHDL_1993          ;
; State Machine Processing                                                   ; Auto               ; Auto               ;
; Safe State Machine                                                         ; Off                ; Off                ;
; Extract Verilog State Machines                                             ; On                 ; On                 ;
; Extract VHDL State Machines                                                ; On                 ; On                 ;
; Ignore Verilog initial constructs                                          ; Off                ; Off                ;
; Iteration limit for constant Verilog loops                                 ; 5000               ; 5000               ;
; Iteration limit for non-constant Verilog loops                             ; 250                ; 250                ;
; Add Pass-Through Logic to Inferred RAMs                                    ; On                 ; On                 ;
; Infer RAMs from Raw Logic                                                  ; On                 ; On                 ;
; Parallel Synthesis                                                         ; On                 ; On                 ;
; DSP Block Balancing                                                        ; Auto               ; Auto               ;
; NOT Gate Push-Back                                                         ; On                 ; On                 ;
; Power-Up Don't Care                                                        ; On                 ; On                 ;
; Remove Redundant Logic Cells                                               ; Off                ; Off                ;
; Remove Duplicate Registers                                                 ; On                 ; On                 ;
; Ignore CARRY Buffers                                                       ; Off                ; Off                ;
; Ignore CASCADE Buffers                                                     ; Off                ; Off                ;
; Ignore GLOBAL Buffers                                                      ; Off                ; Off                ;
; Ignore ROW GLOBAL Buffers                                                  ; Off                ; Off                ;
; Ignore LCELL Buffers                                                       ; Off                ; Off                ;
; Ignore SOFT Buffers                                                        ; On                 ; On                 ;
; Limit AHDL Integers to 32 Bits                                             ; Off                ; Off                ;
; Optimization Technique                                                     ; Balanced           ; Balanced           ;
; Carry Chain Length                                                         ; 70                 ; 70                 ;
; Auto Carry Chains                                                          ; On                 ; On                 ;
; Auto Open-Drain Pins                                                       ; On                 ; On                 ;
; Perform WYSIWYG Primitive Resynthesis                                      ; Off                ; Off                ;
; Auto ROM Replacement                                                       ; On                 ; On                 ;
; Auto RAM Replacement                                                       ; On                 ; On                 ;
; Auto DSP Block Replacement                                                 ; On                 ; On                 ;
; Auto Shift Register Replacement                                            ; Auto               ; Auto               ;
; Allow Shift Register Merging across Hierarchies                            ; Auto               ; Auto               ;
; Auto Clock Enable Replacement                                              ; On                 ; On                 ;
; Strict RAM Replacement                                                     ; Off                ; Off                ;
; Allow Synchronous Control Signals                                          ; On                 ; On                 ;
; Force Use of Synchronous Clear Signals                                     ; Off                ; Off                ;
; Auto RAM Block Balancing                                                   ; On                 ; On                 ;
; Auto RAM to Logic Cell Conversion                                          ; Off                ; Off                ;
; Auto Resource Sharing                                                      ; Off                ; Off                ;
; Allow Any RAM Size For Recognition                                         ; Off                ; Off                ;
; Allow Any ROM Size For Recognition                                         ; Off                ; Off                ;
; Allow Any Shift Register Size For Recognition                              ; Off                ; Off                ;
; Use LogicLock Constraints during Resource Balancing                        ; On                 ; On                 ;
; Ignore translate_off and synthesis_off directives                          ; Off                ; Off                ;
; Timing-Driven Synthesis                                                    ; On                 ; On                 ;
; Report Parameter Settings                                                  ; On                 ; On                 ;
; Report Source Assignments                                                  ; On                 ; On                 ;
; Report Connectivity Checks                                                 ; On                 ; On                 ;
; Ignore Maximum Fan-Out Assignments                                         ; Off                ; Off                ;
; Synchronization Register Chain Length                                      ; 2                  ; 2                  ;
; PowerPlay Power Optimization                                               ; Normal compilation ; Normal compilation ;
; HDL message level                                                          ; Level2             ; Level2             ;
; Suppress Register Optimization Related Messages                            ; Off                ; Off                ;
; Number of Removed Registers Reported in Synthesis Report                   ; 5000               ; 5000               ;
; Number of Swept Nodes Reported in Synthesis Report                         ; 5000               ; 5000               ;
; Number of Inverted Registers Reported in Synthesis Report                  ; 100                ; 100                ;
; Clock MUX Protection                                                       ; On                 ; On                 ;
; Auto Gated Clock Conversion                                                ; Off                ; Off                ;
; Block Design Naming                                                        ; Auto               ; Auto               ;
; SDC constraint protection                                                  ; Off                ; Off                ;
; Synthesis Effort                                                           ; Auto               ; Auto               ;
; Shift Register Replacement - Allow Asynchronous Clear Signal               ; On                 ; On                 ;
; Pre-Mapping Resynthesis Optimization                                       ; Off                ; Off                ;
; Analysis & Synthesis Message Level                                         ; Medium             ; Medium             ;
; Disable Register Merging Across Hierarchies                                ; Auto               ; Auto               ;
; Resource Aware Inference For Block RAM                                     ; On                 ; On                 ;
; Synthesis Seed                                                             ; 1                  ; 1                  ;
+----------------------------------------------------------------------------+--------------------+--------------------+


Parallel compilation was disabled, but you have multiple processors available. Enable parallel compilation to reduce compilation time.
+-------------------------------------+
; Parallel Compilation                ;
+----------------------------+--------+
; Processors                 ; Number ;
+----------------------------+--------+
; Number detected on machine ; 4      ;
; Maximum allowed            ; 1      ;
+----------------------------+--------+


+-----------------------------------------------------------------------------------------------------------------------------------------------+
; Analysis & Synthesis Source Files Read                                                                                                        ;
+----------------------------------+-----------------+------------------------------------------+-------------------------------------+---------+
; File Name with User-Entered Path ; Used in Netlist ; File Type                                ; File Name with Absolute Path        ; Library ;
+----------------------------------+-----------------+------------------------------------------+-------------------------------------+---------+
; lshregister8bit.vhd              ; yes             ; User VHDL File                           ; D:/CEG3155/Lab1/lshregister8bit.vhd ;         ;
; rshregister8bit.vhd              ; yes             ; User VHDL File                           ; D:/CEG3155/Lab1/rshregister8bit.vhd ;         ;
; comparator1bit.vhd               ; yes             ; User VHDL File                           ; D:/CEG3155/Lab1/comparator1bit.vhd  ;         ;
; register8bit.vhd                 ; yes             ; User VHDL File                           ; D:/CEG3155/Lab1/register8bit.vhd    ;         ;
; mux2bit.vhd                      ; yes             ; User VHDL File                           ; D:/CEG3155/Lab1/mux2bit.vhd         ;         ;
; DFF_Enable.vhd                   ; yes             ; User VHDL File                           ; D:/CEG3155/Lab1/DFF_Enable.vhd      ;         ;
; lab1.bdf                         ; yes             ; Auto-Found Block Diagram/Schematic File  ; D:/CEG3155/Lab1/lab1.bdf            ;         ;
+----------------------------------+-----------------+------------------------------------------+-------------------------------------+---------+


+-----------------------------------------------------------+
; Analysis & Synthesis Resource Usage Summary               ;
+---------------------------------------------+-------------+
; Resource                                    ; Usage       ;
+---------------------------------------------+-------------+
; Estimated Total logic elements              ; 17          ;
;                                             ;             ;
; Total combinational functions               ; 9           ;
; Logic element usage by number of LUT inputs ;             ;
;     -- 4 input functions                    ; 0           ;
;     -- 3 input functions                    ; 0           ;
;     -- <=2 input functions                  ; 9           ;
;                                             ;             ;
; Logic elements by mode                      ;             ;
;     -- normal mode                          ; 9           ;
;     -- arithmetic mode                      ; 0           ;
;                                             ;             ;
; Total registers                             ; 16          ;
;     -- Dedicated logic registers            ; 16          ;
;     -- I/O registers                        ; 0           ;
;                                             ;             ;
; I/O pins                                    ; 37          ;
; Embedded Multiplier 9-bit elements          ; 0           ;
; Maximum fan-out node                        ; clock~input ;
; Maximum fan-out                             ; 16          ;
; Total fan-out                               ; 104         ;
; Average fan-out                             ; 1.05        ;
+---------------------------------------------+-------------+


+------------------------------------------------------------------------------------------------------------------------------------------------------------------------------------------------+
; Analysis & Synthesis Resource Utilization by Entity                                                                                                                                            ;
+----------------------------+-------------------+--------------+-------------+--------------+---------+-----------+------+--------------+----------------------------------------+--------------+
; Compilation Hierarchy Node ; LC Combinationals ; LC Registers ; Memory Bits ; DSP Elements ; DSP 9x9 ; DSP 18x18 ; Pins ; Virtual Pins ; Full Hierarchy Name                    ; Library Name ;
+----------------------------+-------------------+--------------+-------------+--------------+---------+-----------+------+--------------+----------------------------------------+--------------+
; |lab1                      ; 9 (0)             ; 16 (0)       ; 0           ; 0            ; 0       ; 0         ; 37   ; 0            ; |lab1                                  ; work         ;
;    |comparator1bit:inst3|  ; 1 (1)             ; 0 (0)        ; 0           ; 0            ; 0       ; 0         ; 0    ; 0            ; |lab1|comparator1bit:inst3             ; work         ;
;    |mux2bit:inst6|         ; 8 (8)             ; 8 (8)        ; 0           ; 0            ; 0       ; 0         ; 0    ; 0            ; |lab1|mux2bit:inst6                    ; work         ;
;    |register8bit:inst2|    ; 0 (0)             ; 8 (0)        ; 0           ; 0            ; 0       ; 0         ; 0    ; 0            ; |lab1|register8bit:inst2               ; work         ;
;       |DFF_Enable:b0|      ; 0 (0)             ; 1 (1)        ; 0           ; 0            ; 0       ; 0         ; 0    ; 0            ; |lab1|register8bit:inst2|DFF_Enable:b0 ; work         ;
;       |DFF_Enable:b1|      ; 0 (0)             ; 1 (1)        ; 0           ; 0            ; 0       ; 0         ; 0    ; 0            ; |lab1|register8bit:inst2|DFF_Enable:b1 ; work         ;
;       |DFF_Enable:b2|      ; 0 (0)             ; 1 (1)        ; 0           ; 0            ; 0       ; 0         ; 0    ; 0            ; |lab1|register8bit:inst2|DFF_Enable:b2 ; work         ;
;       |DFF_Enable:b3|      ; 0 (0)             ; 1 (1)        ; 0           ; 0            ; 0       ; 0         ; 0    ; 0            ; |lab1|register8bit:inst2|DFF_Enable:b3 ; work         ;
;       |DFF_Enable:b4|      ; 0 (0)             ; 1 (1)        ; 0           ; 0            ; 0       ; 0         ; 0    ; 0            ; |lab1|register8bit:inst2|DFF_Enable:b4 ; work         ;
;       |DFF_Enable:b5|      ; 0 (0)             ; 1 (1)        ; 0           ; 0            ; 0       ; 0         ; 0    ; 0            ; |lab1|register8bit:inst2|DFF_Enable:b5 ; work         ;
;       |DFF_Enable:b6|      ; 0 (0)             ; 1 (1)        ; 0           ; 0            ; 0       ; 0         ; 0    ; 0            ; |lab1|register8bit:inst2|DFF_Enable:b6 ; work         ;
;       |DFF_Enable:b7|      ; 0 (0)             ; 1 (1)        ; 0           ; 0            ; 0       ; 0         ; 0    ; 0            ; |lab1|register8bit:inst2|DFF_Enable:b7 ; work         ;
+----------------------------+-------------------+--------------+-------------+--------------+---------+-----------+------+--------------+----------------------------------------+--------------+
Note: For table entries with two numbers listed, the numbers in parentheses indicate the number of resources of the given type used by the specific entity alone. The numbers listed outside of parentheses indicate the total resources of the given type used by the specific entity and all of its sub-entities in the hierarchy.


+-----------------------------------------------------------------------------------------+
; Registers Removed During Synthesis                                                      ;
+-------------------------------------------+---------------------------------------------+
; Register name                             ; Reason for Removal                          ;
+-------------------------------------------+---------------------------------------------+
; lshregister8bit:inst|DFF_Enable:b0|int_q  ; Stuck at GND due to stuck port clock_enable ;
; lshregister8bit:inst|DFF_Enable:b1|int_q  ; Stuck at GND due to stuck port clock_enable ;
; lshregister8bit:inst|DFF_Enable:b2|int_q  ; Stuck at GND due to stuck port clock_enable ;
; lshregister8bit:inst|DFF_Enable:b3|int_q  ; Stuck at GND due to stuck port clock_enable ;
; lshregister8bit:inst|DFF_Enable:b4|int_q  ; Stuck at GND due to stuck port clock_enable ;
; lshregister8bit:inst|DFF_Enable:b5|int_q  ; Stuck at GND due to stuck port clock_enable ;
; lshregister8bit:inst|DFF_Enable:b6|int_q  ; Stuck at GND due to stuck port clock_enable ;
; lshregister8bit:inst|DFF_Enable:b7|int_q  ; Stuck at GND due to stuck port clock_enable ;
; rshregister8bit:inst5|DFF_Enable:b0|int_q ; Stuck at GND due to stuck port clock_enable ;
; rshregister8bit:inst5|DFF_Enable:b1|int_q ; Stuck at GND due to stuck port clock_enable ;
; rshregister8bit:inst5|DFF_Enable:b2|int_q ; Stuck at GND due to stuck port clock_enable ;
; rshregister8bit:inst5|DFF_Enable:b3|int_q ; Stuck at GND due to stuck port clock_enable ;
; rshregister8bit:inst5|DFF_Enable:b4|int_q ; Stuck at GND due to stuck port clock_enable ;
; rshregister8bit:inst5|DFF_Enable:b5|int_q ; Stuck at GND due to stuck port clock_enable ;
; rshregister8bit:inst5|DFF_Enable:b6|int_q ; Stuck at GND due to stuck port clock_enable ;
; rshregister8bit:inst5|DFF_Enable:b7|int_q ; Stuck at GND due to stuck port clock_enable ;
; Total Number of Removed Registers = 16    ;                                             ;
+-------------------------------------------+---------------------------------------------+


+------------------------------------------------------------------------------------------------------------------------------------------------------------------+
; Removed Registers Triggering Further Register Optimizations                                                                                                      ;
+-------------------------------------------+--------------------------------+-------------------------------------------------------------------------------------+
; Register name                             ; Reason for Removal             ; Registers Removed due to This Register                                              ;
+-------------------------------------------+--------------------------------+-------------------------------------------------------------------------------------+
; lshregister8bit:inst|DFF_Enable:b0|int_q  ; Stuck at GND                   ; lshregister8bit:inst|DFF_Enable:b1|int_q, lshregister8bit:inst|DFF_Enable:b2|int_q, ;
;                                           ; due to stuck port clock_enable ; lshregister8bit:inst|DFF_Enable:b3|int_q, lshregister8bit:inst|DFF_Enable:b4|int_q, ;
;                                           ;                                ; lshregister8bit:inst|DFF_Enable:b5|int_q, lshregister8bit:inst|DFF_Enable:b6|int_q, ;
;                                           ;                                ; lshregister8bit:inst|DFF_Enable:b7|int_q                                            ;
; rshregister8bit:inst5|DFF_Enable:b0|int_q ; Stuck at GND                   ; rshregister8bit:inst5|DFF_Enable:b1|int_q,                                          ;
;                                           ; due to stuck port clock_enable ; rshregister8bit:inst5|DFF_Enable:b2|int_q,                                          ;
;                                           ;                                ; rshregister8bit:inst5|DFF_Enable:b3|int_q,                                          ;
;                                           ;                                ; rshregister8bit:inst5|DFF_Enable:b4|int_q,                                          ;
;                                           ;                                ; rshregister8bit:inst5|DFF_Enable:b5|int_q,                                          ;
;                                           ;                                ; rshregister8bit:inst5|DFF_Enable:b6|int_q,                                          ;
;                                           ;                                ; rshregister8bit:inst5|DFF_Enable:b7|int_q                                           ;
+-------------------------------------------+--------------------------------+-------------------------------------------------------------------------------------+


+------------------------------------------------------+
; General Register Statistics                          ;
+----------------------------------------------+-------+
; Statistic                                    ; Value ;
+----------------------------------------------+-------+
; Total registers                              ; 16    ;
; Number of registers using Synchronous Clear  ; 0     ;
; Number of registers using Synchronous Load   ; 0     ;
; Number of registers using Asynchronous Clear ; 8     ;
; Number of registers using Asynchronous Load  ; 0     ;
; Number of registers using Clock Enable       ; 8     ;
; Number of registers using Preset             ; 0     ;
+----------------------------------------------+-------+


+---------------------------------------------------------------------------------------------------------------------------------------------------------------------------+
; Port Connectivity Checks: "lshregister8bit:inst|DFF_Enable:b0"                                                                                                            ;
+--------+--------+----------+----------------------------------------------------------------------------------------------------------------------------------------------+
; Port   ; Type   ; Severity ; Details                                                                                                                                      ;
+--------+--------+----------+----------------------------------------------------------------------------------------------------------------------------------------------+
; reset  ; Input  ; Warning  ; Declared by entity but not connected by instance. If a default value exists, it will be used.  Otherwise, the port will be connected to GND. ;
; enable ; Input  ; Warning  ; Declared by entity but not connected by instance. If a default value exists, it will be used.  Otherwise, the port will be connected to GND. ;
; qnot   ; Output ; Warning  ; Declared by entity but not connected by instance. Logic that only feeds a dangling port will be removed.                                     ;
+--------+--------+----------+----------------------------------------------------------------------------------------------------------------------------------------------+


+---------------------------------------------------------------------------------------------------------------------------------------------------------------------------+
; Port Connectivity Checks: "lshregister8bit:inst|DFF_Enable:b1"                                                                                                            ;
+--------+--------+----------+----------------------------------------------------------------------------------------------------------------------------------------------+
; Port   ; Type   ; Severity ; Details                                                                                                                                      ;
+--------+--------+----------+----------------------------------------------------------------------------------------------------------------------------------------------+
; reset  ; Input  ; Warning  ; Declared by entity but not connected by instance. If a default value exists, it will be used.  Otherwise, the port will be connected to GND. ;
; enable ; Input  ; Warning  ; Declared by entity but not connected by instance. If a default value exists, it will be used.  Otherwise, the port will be connected to GND. ;
; qnot   ; Output ; Warning  ; Declared by entity but not connected by instance. Logic that only feeds a dangling port will be removed.                                     ;
+--------+--------+----------+----------------------------------------------------------------------------------------------------------------------------------------------+


+---------------------------------------------------------------------------------------------------------------------------------------------------------------------------+
; Port Connectivity Checks: "lshregister8bit:inst|DFF_Enable:b2"                                                                                                            ;
+--------+--------+----------+----------------------------------------------------------------------------------------------------------------------------------------------+
; Port   ; Type   ; Severity ; Details                                                                                                                                      ;
+--------+--------+----------+----------------------------------------------------------------------------------------------------------------------------------------------+
; reset  ; Input  ; Warning  ; Declared by entity but not connected by instance. If a default value exists, it will be used.  Otherwise, the port will be connected to GND. ;
; enable ; Input  ; Warning  ; Declared by entity but not connected by instance. If a default value exists, it will be used.  Otherwise, the port will be connected to GND. ;
; qnot   ; Output ; Warning  ; Declared by entity but not connected by instance. Logic that only feeds a dangling port will be removed.                                     ;
+--------+--------+----------+----------------------------------------------------------------------------------------------------------------------------------------------+


+---------------------------------------------------------------------------------------------------------------------------------------------------------------------------+
; Port Connectivity Checks: "lshregister8bit:inst|DFF_Enable:b3"                                                                                                            ;
+--------+--------+----------+----------------------------------------------------------------------------------------------------------------------------------------------+
; Port   ; Type   ; Severity ; Details                                                                                                                                      ;
+--------+--------+----------+----------------------------------------------------------------------------------------------------------------------------------------------+
; reset  ; Input  ; Warning  ; Declared by entity but not connected by instance. If a default value exists, it will be used.  Otherwise, the port will be connected to GND. ;
; enable ; Input  ; Warning  ; Declared by entity but not connected by instance. If a default value exists, it will be used.  Otherwise, the port will be connected to GND. ;
; qnot   ; Output ; Warning  ; Declared by entity but not connected by instance. Logic that only feeds a dangling port will be removed.                                     ;
+--------+--------+----------+----------------------------------------------------------------------------------------------------------------------------------------------+


+---------------------------------------------------------------------------------------------------------------------------------------------------------------------------+
; Port Connectivity Checks: "lshregister8bit:inst|DFF_Enable:b4"                                                                                                            ;
+--------+--------+----------+----------------------------------------------------------------------------------------------------------------------------------------------+
; Port   ; Type   ; Severity ; Details                                                                                                                                      ;
+--------+--------+----------+----------------------------------------------------------------------------------------------------------------------------------------------+
; reset  ; Input  ; Warning  ; Declared by entity but not connected by instance. If a default value exists, it will be used.  Otherwise, the port will be connected to GND. ;
; enable ; Input  ; Warning  ; Declared by entity but not connected by instance. If a default value exists, it will be used.  Otherwise, the port will be connected to GND. ;
; qnot   ; Output ; Warning  ; Declared by entity but not connected by instance. Logic that only feeds a dangling port will be removed.                                     ;
+--------+--------+----------+----------------------------------------------------------------------------------------------------------------------------------------------+


+---------------------------------------------------------------------------------------------------------------------------------------------------------------------------+
; Port Connectivity Checks: "lshregister8bit:inst|DFF_Enable:b5"                                                                                                            ;
+--------+--------+----------+----------------------------------------------------------------------------------------------------------------------------------------------+
; Port   ; Type   ; Severity ; Details                                                                                                                                      ;
+--------+--------+----------+----------------------------------------------------------------------------------------------------------------------------------------------+
; reset  ; Input  ; Warning  ; Declared by entity but not connected by instance. If a default value exists, it will be used.  Otherwise, the port will be connected to GND. ;
; enable ; Input  ; Warning  ; Declared by entity but not connected by instance. If a default value exists, it will be used.  Otherwise, the port will be connected to GND. ;
; qnot   ; Output ; Warning  ; Declared by entity but not connected by instance. Logic that only feeds a dangling port will be removed.                                     ;
+--------+--------+----------+----------------------------------------------------------------------------------------------------------------------------------------------+


+---------------------------------------------------------------------------------------------------------------------------------------------------------------------------+
; Port Connectivity Checks: "lshregister8bit:inst|DFF_Enable:b6"                                                                                                            ;
+--------+--------+----------+----------------------------------------------------------------------------------------------------------------------------------------------+
; Port   ; Type   ; Severity ; Details                                                                                                                                      ;
+--------+--------+----------+----------------------------------------------------------------------------------------------------------------------------------------------+
; reset  ; Input  ; Warning  ; Declared by entity but not connected by instance. If a default value exists, it will be used.  Otherwise, the port will be connected to GND. ;
; enable ; Input  ; Warning  ; Declared by entity but not connected by instance. If a default value exists, it will be used.  Otherwise, the port will be connected to GND. ;
; qnot   ; Output ; Warning  ; Declared by entity but not connected by instance. Logic that only feeds a dangling port will be removed.                                     ;
+--------+--------+----------+----------------------------------------------------------------------------------------------------------------------------------------------+


+---------------------------------------------------------------------------------------------------------------------------------------------------------------------------+
; Port Connectivity Checks: "lshregister8bit:inst|DFF_Enable:b7"                                                                                                            ;
+--------+--------+----------+----------------------------------------------------------------------------------------------------------------------------------------------+
; Port   ; Type   ; Severity ; Details                                                                                                                                      ;
+--------+--------+----------+----------------------------------------------------------------------------------------------------------------------------------------------+
; reset  ; Input  ; Warning  ; Declared by entity but not connected by instance. If a default value exists, it will be used.  Otherwise, the port will be connected to GND. ;
; enable ; Input  ; Warning  ; Declared by entity but not connected by instance. If a default value exists, it will be used.  Otherwise, the port will be connected to GND. ;
; qnot   ; Output ; Warning  ; Declared by entity but not connected by instance. Logic that only feeds a dangling port will be removed.                                     ;
+--------+--------+----------+----------------------------------------------------------------------------------------------------------------------------------------------+


+---------------------------------------------------------------------------------------------------------------------------------------------------------------------------+
; Port Connectivity Checks: "rshregister8bit:inst5|DFF_Enable:b0"                                                                                                           ;
+--------+--------+----------+----------------------------------------------------------------------------------------------------------------------------------------------+
; Port   ; Type   ; Severity ; Details                                                                                                                                      ;
+--------+--------+----------+----------------------------------------------------------------------------------------------------------------------------------------------+
; reset  ; Input  ; Warning  ; Declared by entity but not connected by instance. If a default value exists, it will be used.  Otherwise, the port will be connected to GND. ;
; enable ; Input  ; Warning  ; Declared by entity but not connected by instance. If a default value exists, it will be used.  Otherwise, the port will be connected to GND. ;
; qnot   ; Output ; Warning  ; Declared by entity but not connected by instance. Logic that only feeds a dangling port will be removed.                                     ;
+--------+--------+----------+----------------------------------------------------------------------------------------------------------------------------------------------+


+---------------------------------------------------------------------------------------------------------------------------------------------------------------------------+
; Port Connectivity Checks: "rshregister8bit:inst5|DFF_Enable:b1"                                                                                                           ;
+--------+--------+----------+----------------------------------------------------------------------------------------------------------------------------------------------+
; Port   ; Type   ; Severity ; Details                                                                                                                                      ;
+--------+--------+----------+----------------------------------------------------------------------------------------------------------------------------------------------+
; reset  ; Input  ; Warning  ; Declared by entity but not connected by instance. If a default value exists, it will be used.  Otherwise, the port will be connected to GND. ;
; enable ; Input  ; Warning  ; Declared by entity but not connected by instance. If a default value exists, it will be used.  Otherwise, the port will be connected to GND. ;
; qnot   ; Output ; Warning  ; Declared by entity but not connected by instance. Logic that only feeds a dangling port will be removed.                                     ;
+--------+--------+----------+----------------------------------------------------------------------------------------------------------------------------------------------+


+---------------------------------------------------------------------------------------------------------------------------------------------------------------------------+
; Port Connectivity Checks: "rshregister8bit:inst5|DFF_Enable:b2"                                                                                                           ;
+--------+--------+----------+----------------------------------------------------------------------------------------------------------------------------------------------+
; Port   ; Type   ; Severity ; Details                                                                                                                                      ;
+--------+--------+----------+----------------------------------------------------------------------------------------------------------------------------------------------+
; reset  ; Input  ; Warning  ; Declared by entity but not connected by instance. If a default value exists, it will be used.  Otherwise, the port will be connected to GND. ;
; enable ; Input  ; Warning  ; Declared by entity but not connected by instance. If a default value exists, it will be used.  Otherwise, the port will be connected to GND. ;
; qnot   ; Output ; Warning  ; Declared by entity but not connected by instance. Logic that only feeds a dangling port will be removed.                                     ;
+--------+--------+----------+----------------------------------------------------------------------------------------------------------------------------------------------+


+---------------------------------------------------------------------------------------------------------------------------------------------------------------------------+
; Port Connectivity Checks: "rshregister8bit:inst5|DFF_Enable:b3"                                                                                                           ;
+--------+--------+----------+----------------------------------------------------------------------------------------------------------------------------------------------+
; Port   ; Type   ; Severity ; Details                                                                                                                                      ;
+--------+--------+----------+----------------------------------------------------------------------------------------------------------------------------------------------+
; reset  ; Input  ; Warning  ; Declared by entity but not connected by instance. If a default value exists, it will be used.  Otherwise, the port will be connected to GND. ;
; enable ; Input  ; Warning  ; Declared by entity but not connected by instance. If a default value exists, it will be used.  Otherwise, the port will be connected to GND. ;
; qnot   ; Output ; Warning  ; Declared by entity but not connected by instance. Logic that only feeds a dangling port will be removed.                                     ;
+--------+--------+----------+----------------------------------------------------------------------------------------------------------------------------------------------+


+---------------------------------------------------------------------------------------------------------------------------------------------------------------------------+
; Port Connectivity Checks: "rshregister8bit:inst5|DFF_Enable:b4"                                                                                                           ;
+--------+--------+----------+----------------------------------------------------------------------------------------------------------------------------------------------+
; Port   ; Type   ; Severity ; Details                                                                                                                                      ;
+--------+--------+----------+----------------------------------------------------------------------------------------------------------------------------------------------+
; reset  ; Input  ; Warning  ; Declared by entity but not connected by instance. If a default value exists, it will be used.  Otherwise, the port will be connected to GND. ;
; enable ; Input  ; Warning  ; Declared by entity but not connected by instance. If a default value exists, it will be used.  Otherwise, the port will be connected to GND. ;
; qnot   ; Output ; Warning  ; Declared by entity but not connected by instance. Logic that only feeds a dangling port will be removed.                                     ;
+--------+--------+----------+----------------------------------------------------------------------------------------------------------------------------------------------+


+---------------------------------------------------------------------------------------------------------------------------------------------------------------------------+
; Port Connectivity Checks: "rshregister8bit:inst5|DFF_Enable:b5"                                                                                                           ;
+--------+--------+----------+----------------------------------------------------------------------------------------------------------------------------------------------+
; Port   ; Type   ; Severity ; Details                                                                                                                                      ;
+--------+--------+----------+----------------------------------------------------------------------------------------------------------------------------------------------+
; reset  ; Input  ; Warning  ; Declared by entity but not connected by instance. If a default value exists, it will be used.  Otherwise, the port will be connected to GND. ;
; enable ; Input  ; Warning  ; Declared by entity but not connected by instance. If a default value exists, it will be used.  Otherwise, the port will be connected to GND. ;
; qnot   ; Output ; Warning  ; Declared by entity but not connected by instance. Logic that only feeds a dangling port will be removed.                                     ;
+--------+--------+----------+----------------------------------------------------------------------------------------------------------------------------------------------+


+---------------------------------------------------------------------------------------------------------------------------------------------------------------------------+
; Port Connectivity Checks: "rshregister8bit:inst5|DFF_Enable:b6"                                                                                                           ;
+--------+--------+----------+----------------------------------------------------------------------------------------------------------------------------------------------+
; Port   ; Type   ; Severity ; Details                                                                                                                                      ;
+--------+--------+----------+----------------------------------------------------------------------------------------------------------------------------------------------+
; reset  ; Input  ; Warning  ; Declared by entity but not connected by instance. If a default value exists, it will be used.  Otherwise, the port will be connected to GND. ;
; enable ; Input  ; Warning  ; Declared by entity but not connected by instance. If a default value exists, it will be used.  Otherwise, the port will be connected to GND. ;
; qnot   ; Output ; Warning  ; Declared by entity but not connected by instance. Logic that only feeds a dangling port will be removed.                                     ;
+--------+--------+----------+----------------------------------------------------------------------------------------------------------------------------------------------+


+---------------------------------------------------------------------------------------------------------------------------------------------------------------------------+
; Port Connectivity Checks: "rshregister8bit:inst5|DFF_Enable:b7"                                                                                                           ;
+--------+--------+----------+----------------------------------------------------------------------------------------------------------------------------------------------+
; Port   ; Type   ; Severity ; Details                                                                                                                                      ;
+--------+--------+----------+----------------------------------------------------------------------------------------------------------------------------------------------+
; reset  ; Input  ; Warning  ; Declared by entity but not connected by instance. If a default value exists, it will be used.  Otherwise, the port will be connected to GND. ;
; enable ; Input  ; Warning  ; Declared by entity but not connected by instance. If a default value exists, it will be used.  Otherwise, the port will be connected to GND. ;
; qnot   ; Output ; Warning  ; Declared by entity but not connected by instance. Logic that only feeds a dangling port will be removed.                                     ;
+--------+--------+----------+----------------------------------------------------------------------------------------------------------------------------------------------+


+-------------------------------------------------------------------------------------------------------------------------------------+
; Port Connectivity Checks: "register8bit:inst2|DFF_Enable:b0"                                                                        ;
+------+--------+----------+----------------------------------------------------------------------------------------------------------+
; Port ; Type   ; Severity ; Details                                                                                                  ;
+------+--------+----------+----------------------------------------------------------------------------------------------------------+
; qnot ; Output ; Warning  ; Declared by entity but not connected by instance. Logic that only feeds a dangling port will be removed. ;
+------+--------+----------+----------------------------------------------------------------------------------------------------------+


+-------------------------------------------------------------------------------------------------------------------------------------+
; Port Connectivity Checks: "register8bit:inst2|DFF_Enable:b1"                                                                        ;
+------+--------+----------+----------------------------------------------------------------------------------------------------------+
; Port ; Type   ; Severity ; Details                                                                                                  ;
+------+--------+----------+----------------------------------------------------------------------------------------------------------+
; qnot ; Output ; Warning  ; Declared by entity but not connected by instance. Logic that only feeds a dangling port will be removed. ;
+------+--------+----------+----------------------------------------------------------------------------------------------------------+


+-------------------------------------------------------------------------------------------------------------------------------------+
; Port Connectivity Checks: "register8bit:inst2|DFF_Enable:b2"                                                                        ;
+------+--------+----------+----------------------------------------------------------------------------------------------------------+
; Port ; Type   ; Severity ; Details                                                                                                  ;
+------+--------+----------+----------------------------------------------------------------------------------------------------------+
; qnot ; Output ; Warning  ; Declared by entity but not connected by instance. Logic that only feeds a dangling port will be removed. ;
+------+--------+----------+----------------------------------------------------------------------------------------------------------+


+-------------------------------------------------------------------------------------------------------------------------------------+
; Port Connectivity Checks: "register8bit:inst2|DFF_Enable:b3"                                                                        ;
+------+--------+----------+----------------------------------------------------------------------------------------------------------+
; Port ; Type   ; Severity ; Details                                                                                                  ;
+------+--------+----------+----------------------------------------------------------------------------------------------------------+
; qnot ; Output ; Warning  ; Declared by entity but not connected by instance. Logic that only feeds a dangling port will be removed. ;
+------+--------+----------+----------------------------------------------------------------------------------------------------------+


+-------------------------------------------------------------------------------------------------------------------------------------+
; Port Connectivity Checks: "register8bit:inst2|DFF_Enable:b4"                                                                        ;
+------+--------+----------+----------------------------------------------------------------------------------------------------------+
; Port ; Type   ; Severity ; Details                                                                                                  ;
+------+--------+----------+----------------------------------------------------------------------------------------------------------+
; qnot ; Output ; Warning  ; Declared by entity but not connected by instance. Logic that only feeds a dangling port will be removed. ;
+------+--------+----------+----------------------------------------------------------------------------------------------------------+


+-------------------------------------------------------------------------------------------------------------------------------------+
; Port Connectivity Checks: "register8bit:inst2|DFF_Enable:b5"                                                                        ;
+------+--------+----------+----------------------------------------------------------------------------------------------------------+
; Port ; Type   ; Severity ; Details                                                                                                  ;
+------+--------+----------+----------------------------------------------------------------------------------------------------------+
; qnot ; Output ; Warning  ; Declared by entity but not connected by instance. Logic that only feeds a dangling port will be removed. ;
+------+--------+----------+----------------------------------------------------------------------------------------------------------+


+-------------------------------------------------------------------------------------------------------------------------------------+
; Port Connectivity Checks: "register8bit:inst2|DFF_Enable:b6"                                                                        ;
+------+--------+----------+----------------------------------------------------------------------------------------------------------+
; Port ; Type   ; Severity ; Details                                                                                                  ;
+------+--------+----------+----------------------------------------------------------------------------------------------------------+
; qnot ; Output ; Warning  ; Declared by entity but not connected by instance. Logic that only feeds a dangling port will be removed. ;
+------+--------+----------+----------------------------------------------------------------------------------------------------------+


+-------------------------------------------------------------------------------------------------------------------------------------+
; Port Connectivity Checks: "register8bit:inst2|DFF_Enable:b7"                                                                        ;
+------+--------+----------+----------------------------------------------------------------------------------------------------------+
; Port ; Type   ; Severity ; Details                                                                                                  ;
+------+--------+----------+----------------------------------------------------------------------------------------------------------+
; qnot ; Output ; Warning  ; Declared by entity but not connected by instance. Logic that only feeds a dangling port will be removed. ;
+------+--------+----------+----------------------------------------------------------------------------------------------------------+


+-------------------------------+
; Elapsed Time Per Partition    ;
+----------------+--------------+
; Partition Name ; Elapsed Time ;
+----------------+--------------+
; Top            ; 00:00:00     ;
+----------------+--------------+


+-------------------------------+
; Analysis & Synthesis Messages ;
+-------------------------------+
Info: *******************************************************************
Info: Running Quartus II 64-Bit Analysis & Synthesis
    Info: Version 13.0.1 Build 232 06/12/2013 Service Pack 1 SJ Web Edition
    Info: Processing started: Wed Sep 18 19:22:25 2024
Info: Command: quartus_map --read_settings_files=on --write_settings_files=off lab1 -c lab1_qsim
Warning (20028): Parallel compilation is not licensed and has been disabled
Info (12021): Found 2 design units, including 1 entities, in source file lshregister8bit.vhd
    Info (12022): Found design unit 1: lshregister8bit-rtl
    Info (12023): Found entity 1: lshregister8bit
Info (12021): Found 2 design units, including 1 entities, in source file rshregister8bit.vhd
    Info (12022): Found design unit 1: rshregister8bit-rtl
    Info (12023): Found entity 1: rshregister8bit
Info (12021): Found 2 design units, including 1 entities, in source file comparator1bit.vhd
    Info (12022): Found design unit 1: comparator1bit-Behavioural
    Info (12023): Found entity 1: comparator1bit
Warning (12019): Can't analyze file -- file bit8register.vhd is missing
Warning (12019): Can't analyze file -- file enARdFF_2.vhd is missing
Info (12021): Found 2 design units, including 1 entities, in source file register8bit.vhd
    Info (12022): Found design unit 1: register8bit-Behaviour
    Info (12023): Found entity 1: register8bit
Info (12021): Found 2 design units, including 1 entities, in source file mux2bit.vhd
    Info (12022): Found design unit 1: mux2bit-Behavioral
    Info (12023): Found entity 1: mux2bit
Info (12021): Found 2 design units, including 1 entities, in source file dff_enable.vhd
    Info (12022): Found design unit 1: DFF_Enable-Behaviour
    Info (12023): Found entity 1: DFF_Enable
Info (12021): Found 2 design units, including 1 entities, in source file enabledsrlatch.vhd
    Info (12022): Found design unit 1: enabledSRLatch-Behavioral
    Info (12023): Found entity 1: enabledSRLatch
Warning (12125): Using design file lab1.bdf, which is not specified as a design file for the current project, but contains definitions for 1 design units and 1 entities in project
    Info (12023): Found entity 1: lab1
Info (12127): Elaborating entity "lab1" for the top level hierarchy
Info (12128): Elaborating entity "comparator1bit" for hierarchy "comparator1bit:inst3"
Info (12128): Elaborating entity "register8bit" for hierarchy "register8bit:inst2"
Info (12128): Elaborating entity "DFF_Enable" for hierarchy "register8bit:inst2|DFF_Enable:b7"
Info (12128): Elaborating entity "mux2bit" for hierarchy "mux2bit:inst6"
Info (12128): Elaborating entity "rshregister8bit" for hierarchy "rshregister8bit:inst5"
Info (12128): Elaborating entity "lshregister8bit" for hierarchy "lshregister8bit:inst"
Warning (12241): 24 hierarchies have connectivity warnings - see the Connectivity Checks report folder
Info (286030): Timing-Driven Synthesis is running
Info (16010): Generating hard_block partition "hard_block:auto_generated_inst"
    Info (16011): Adding 0 node(s), including 0 DDIO, 0 PLL, 0 transceiver and 0 LCELL
Warning (21074): Design contains 16 input pin(s) that do not drive logic
    Warning (15610): No output dependent on input pin "Rm0[7]"
    Warning (15610): No output dependent on input pin "Rm0[6]"
    Warning (15610): No output dependent on input pin "Rm0[5]"
    Warning (15610): No output dependent on input pin "Rm0[4]"
    Warning (15610): No output dependent on input pin "Rm0[3]"
    Warning (15610): No output dependent on input pin "Rm0[2]"
    Warning (15610): No output dependent on input pin "Rm0[1]"
    Warning (15610): No output dependent on input pin "Rm0[0]"
    Warning (15610): No output dependent on input pin "Lm[7]"
    Warning (15610): No output dependent on input pin "Lm[6]"
    Warning (15610): No output dependent on input pin "Lm[5]"
    Warning (15610): No output dependent on input pin "Lm[4]"
    Warning (15610): No output dependent on input pin "Lm[3]"
    Warning (15610): No output dependent on input pin "Lm[2]"
    Warning (15610): No output dependent on input pin "Lm[1]"
    Warning (15610): No output dependent on input pin "Lm[0]"
Info (21057): Implemented 54 device resources after synthesis - the final resource count might be different
    Info (21058): Implemented 28 input pins
    Info (21059): Implemented 9 output pins
    Info (21061): Implemented 17 logic cells
Info: Quartus II 64-Bit Analysis & Synthesis was successful. 0 errors, 22 warnings
    Info: Peak virtual memory: 528 megabytes
    Info: Processing ended: Wed Sep 18 19:22:30 2024
    Info: Elapsed time: 00:00:05
    Info: Total CPU time (on all processors): 00:00:04


