Flow report for lab1_qsim
Wed Sep 18 19:23:32 2024
Quartus II 64-Bit Version 13.0.1 Build 232 06/12/2013 Service Pack 1 SJ Web Edition


---------------------
; Table of Contents ;
---------------------
  1. Legal Notice
  2. Flow Summary
  3. Flow Settings
  4. Flow Non-Default Global Settings
  5. Flow Elapsed Time
  6. Flow OS Summary
  7. Flow Log
  8. Flow Messages
  9. Flow Suppressed Messages



----------------
; Legal Notice ;
----------------
Copyright (C) 1991-2013 Altera Corporation
Your use of Altera Corporation's design tools, logic functions 
and other software and tools, and its AMPP partner logic 
functions, and any output files from any of the foregoing 
(including device programming or simulation files), and any 
associated documentation or information are expressly subject 
to the terms and conditions of the Altera Program License 
Subscription Agreement, Altera MegaCore Function License 
Agreement, or other applicable license agreement, including, 
without limitation, that your use is for the sole purpose of 
programming logic devices manufactured by Altera and sold by 
Altera or its authorized distributors.  Please refer to the 
applicable agreement for further details.



+--------------------------------------------------------------------------------------+
; Flow Summary                                                                         ;
+------------------------------------+-------------------------------------------------+
; Flow Status                        ; Successful - Wed Sep 18 19:23:11 2024           ;
; Quartus II 64-Bit Version          ; 13.0.1 Build 232 06/12/2013 SP 1 SJ Web Edition ;
; Revision Name                      ; lab1_qsim                                       ;
; Top-level Entity Name              ; lab1                                            ;
; Family                             ; Cyclone III                                     ;
; Total logic elements               ; 17 / 5,136 ( < 1 % )                            ;
;     Total combinational functions  ; 9 / 5,136 ( < 1 % )                             ;
;     Dedicated logic registers      ; 16 / 5,136 ( < 1 % )                            ;
; Total registers                    ; 16                                              ;
; Total pins                         ; 37 / 183 ( 20 % )                               ;
; Total virtual pins                 ; 0                                               ;
; Total memory bits                  ; 0 / 423,936 ( 0 % )                             ;
; Embedded Multiplier 9-bit elements ; 0 / 46 ( 0 % )                                  ;
; Total PLLs                         ; 0 / 2 ( 0 % )                                   ;
; Device                             ; EP3C5F256C6                                     ;
; Timing Models                      ; Final                                           ;
+------------------------------------+-------------------------------------------------+


+-----------------------------------------+
; Flow Settings                           ;
+-------------------+---------------------+
; Option            ; Setting             ;
+-------------------+---------------------+
; Start date & time ; 09/18/2024 19:22:27 ;
; Main task         ; Compilation         ;
; Revision Name     ; lab1_qsim           ;
+-------------------+---------------------+


+-----------------------------------------------------------------------------------------------------------------+
; Flow Non-Default Global Settings                                                                                ;
+-------------------------------------+--------------------------------+---------------+-------------+------------+
; Assignment Name                     ; Value                          ; Default Value ; Entity Name ; Section Id ;
+-------------------------------------+--------------------------------+---------------+-------------+------------+
; COMPILER_SIGNATURE_ID               ; 57277343985263.172670174601896 ; --            ; --          ; --         ;
; MAX_CORE_JUNCTION_TEMP              ; 85                             ; --            ; --          ; --         ;
; MIN_CORE_JUNCTION_TEMP              ; 0                              ; --            ; --          ; --         ;
; NOMINAL_CORE_SUPPLY_VOLTAGE         ; 1.2V                           ; --            ; --          ; --         ;
; PARTITION_COLOR                     ; 16764057                       ; --            ; lab1        ; Top        ;
; PARTITION_FITTER_PRESERVATION_LEVEL ; PLACEMENT_AND_ROUTING          ; --            ; lab1        ; Top        ;
; PARTITION_NETLIST_TYPE              ; SOURCE                         ; --            ; lab1        ; Top        ;
; PROJECT_OUTPUT_DIRECTORY            ; output_files                   ; --            ; --          ; --         ;
; TOP_LEVEL_ENTITY                    ; lab1                           ; lab1_qsim     ; --          ; --         ;
+-------------------------------------+--------------------------------+---------------+-------------+------------+


+-------------------------------------------------------------------------------------------------------------------------------+
; Flow Elapsed Time                                                                                                             ;
+---------------------------+--------------+-------------------------+---------------------+------------------------------------+
; Module Name               ; Elapsed Time ; Average Processors Used ; Peak Virtual Memory ; Total CPU Time (on all processors) ;
+---------------------------+--------------+-------------------------+---------------------+------------------------------------+
; Analysis & Synthesis      ; 00:00:05     ; 1.0                     ; 528 MB              ; 00:00:04                           ;
; Fitter                    ; 00:00:22     ; 1.0                     ; 871 MB              ; 00:00:07                           ;
; Assembler                 ; 00:00:03     ; 1.0                     ; 441 MB              ; 00:00:02                           ;
; TimeQuest Timing Analyzer ; 00:00:19     ; 1.0                     ; 498 MB              ; 00:00:04                           ;
; Total                     ; 00:00:49     ; --                      ; --                  ; 00:00:17                           ;
+---------------------------+--------------+-------------------------+---------------------+------------------------------------+


+----------------------------------------------------------------------------------------+
; Flow OS Summary                                                                        ;
+---------------------------+------------------+-----------+------------+----------------+
; Module Name               ; Machine Hostname ; OS Name   ; OS Version ; Processor type ;
+---------------------------+------------------+-----------+------------+----------------+
; Analysis & Synthesis      ; 1850-b402s013    ; Windows 7 ; 6.2        ; x86_64         ;
; Fitter                    ; 1850-b402s013    ; Windows 7 ; 6.2        ; x86_64         ;
; Assembler                 ; 1850-b402s013    ; Windows 7 ; 6.2        ; x86_64         ;
; TimeQuest Timing Analyzer ; 1850-b402s013    ; Windows 7 ; 6.2        ; x86_64         ;
+---------------------------+------------------+-----------+------------+----------------+


------------
; Flow Log ;
------------
quartus_map --read_settings_files=on --write_settings_files=off lab1 -c lab1_qsim
quartus_fit --read_settings_files=off --write_settings_files=off lab1 -c lab1_qsim
quartus_asm --read_settings_files=off --write_settings_files=off lab1 -c lab1_qsim
quartus_sta lab1 -c lab1_qsim



